2014-05-29 10:55:33 Debug: Notice (8): Undefined variable: result in [D:\xampp\htdocs\ple_vers11\app\Controller\ChatsController.php, line 561]
Trace:
ChatsController::leaveRoom() - APP\Controller\ChatsController.php, line 561
ReflectionMethod::invokeArgs() - [internal], line ??
Controller::invokeAction() - CORE\Cake\Controller\Controller.php, line 490
Dispatcher::_invoke() - CORE\Cake\Routing\Dispatcher.php, line 187
Dispatcher::dispatch() - CORE\Cake\Routing\Dispatcher.php, line 162
[main] - APP\webroot\index.php, line 110

2014-05-29 10:56:19 Debug: Notice (8): Undefined variable: result in [D:\xampp\htdocs\ple_vers11\app\Controller\ChatsController.php, line 561]
Trace:
ChatsController::leaveRoom() - APP\Controller\ChatsController.php, line 561
ReflectionMethod::invokeArgs() - [internal], line ??
Controller::invokeAction() - CORE\Cake\Controller\Controller.php, line 490
Dispatcher::_invoke() - CORE\Cake\Routing\Dispatcher.php, line 187
Dispatcher::dispatch() - CORE\Cake\Routing\Dispatcher.php, line 162
[main] - APP\webroot\index.php, line 110

2014-05-29 10:56:20 Debug: Notice (8): Undefined variable: result in [D:\xampp\htdocs\ple_vers11\app\Controller\ChatsController.php, line 561]
Trace:
ChatsController::leaveRoom() - APP\Controller\ChatsController.php, line 561
ReflectionMethod::invokeArgs() - [internal], line ??
Controller::invokeAction() - CORE\Cake\Controller\Controller.php, line 490
Dispatcher::_invoke() - CORE\Cake\Routing\Dispatcher.php, line 187
Dispatcher::dispatch() - CORE\Cake\Routing\Dispatcher.php, line 162
[main] - APP\webroot\index.php, line 110

2014-05-29 10:56:22 Debug: Notice (8): Undefined variable: result in [D:\xampp\htdocs\ple_vers11\app\Controller\ChatsController.php, line 561]
Trace:
ChatsController::leaveRoom() - APP\Controller\ChatsController.php, line 561
ReflectionMethod::invokeArgs() - [internal], line ??
Controller::invokeAction() - CORE\Cake\Controller\Controller.php, line 490
Dispatcher::_invoke() - CORE\Cake\Routing\Dispatcher.php, line 187
Dispatcher::dispatch() - CORE\Cake\Routing\Dispatcher.php, line 162
[main] - APP\webroot\index.php, line 110

2014-05-29 10:56:25 Debug: Notice (8): Undefined variable: result in [D:\xampp\htdocs\ple_vers11\app\Controller\ChatsController.php, line 561]
Trace:
ChatsController::leaveRoom() - APP\Controller\ChatsController.php, line 561
ReflectionMethod::invokeArgs() - [internal], line ??
Controller::invokeAction() - CORE\Cake\Controller\Controller.php, line 490
Dispatcher::_invoke() - CORE\Cake\Routing\Dispatcher.php, line 187
Dispatcher::dispatch() - CORE\Cake\Routing\Dispatcher.php, line 162
[main] - APP\webroot\index.php, line 110

2014-05-29 10:57:06 Debug: Notice (8): Undefined variable: result in [D:\xampp\htdocs\ple_vers11\app\Controller\ChatsController.php, line 561]
Trace:
ChatsController::leaveRoom() - APP\Controller\ChatsController.php, line 561
ReflectionMethod::invokeArgs() - [internal], line ??
Controller::invokeAction() - CORE\Cake\Controller\Controller.php, line 490
Dispatcher::_invoke() - CORE\Cake\Routing\Dispatcher.php, line 187
Dispatcher::dispatch() - CORE\Cake\Routing\Dispatcher.php, line 162
[main] - APP\webroot\index.php, line 110

2014-05-29 10:57:41 Debug: Notice (8): Undefined variable: result in [D:\xampp\htdocs\ple_vers11\app\Controller\ChatsController.php, line 561]
Trace:
ChatsController::leaveRoom() - APP\Controller\ChatsController.php, line 561
ReflectionMethod::invokeArgs() - [internal], line ??
Controller::invokeAction() - CORE\Cake\Controller\Controller.php, line 490
Dispatcher::_invoke() - CORE\Cake\Routing\Dispatcher.php, line 187
Dispatcher::dispatch() - CORE\Cake\Routing\Dispatcher.php, line 162
[main] - APP\webroot\index.php, line 110

2014-05-29 10:58:13 Debug: Notice (8): Undefined variable: result in [D:\xampp\htdocs\ple_vers11\app\Controller\ChatsController.php, line 561]
Trace:
ChatsController::leaveRoom() - APP\Controller\ChatsController.php, line 561
ReflectionMethod::invokeArgs() - [internal], line ??
Controller::invokeAction() - CORE\Cake\Controller\Controller.php, line 490
Dispatcher::_invoke() - CORE\Cake\Routing\Dispatcher.php, line 187
Dispatcher::dispatch() - CORE\Cake\Routing\Dispatcher.php, line 162
[main] - APP\webroot\index.php, line 110

2014-05-29 10:58:14 Debug: Notice (8): Undefined variable: result in [D:\xampp\htdocs\ple_vers11\app\Controller\ChatsController.php, line 561]
Trace:
ChatsController::leaveRoom() - APP\Controller\ChatsController.php, line 561
ReflectionMethod::invokeArgs() - [internal], line ??
Controller::invokeAction() - CORE\Cake\Controller\Controller.php, line 490
Dispatcher::_invoke() - CORE\Cake\Routing\Dispatcher.php, line 187
Dispatcher::dispatch() - CORE\Cake\Routing\Dispatcher.php, line 162
[main] - APP\webroot\index.php, line 110

2014-05-29 10:59:43 Debug: Notice (8): Undefined index: chatroomname in [D:\xampp\htdocs\ple_vers11\app\Controller\ChatsController.php, line 1372]
Trace:
ChatsController::getRoomsUsers() - APP\Controller\ChatsController.php, line 1372
ReflectionMethod::invokeArgs() - [internal], line ??
Controller::invokeAction() - CORE\Cake\Controller\Controller.php, line 490
Dispatcher::_invoke() - CORE\Cake\Routing\Dispatcher.php, line 187
Dispatcher::dispatch() - CORE\Cake\Routing\Dispatcher.php, line 162
[main] - APP\webroot\index.php, line 110

2014-05-29 10:59:43 Debug: Notice (8): Undefined index: chatroomname in [D:\xampp\htdocs\ple_vers11\app\Controller\ChatsController.php, line 1426]
Trace:
ChatsController::getRoomsUsersInvited() - APP\Controller\ChatsController.php, line 1426
ReflectionMethod::invokeArgs() - [internal], line ??
Controller::invokeAction() - CORE\Cake\Controller\Controller.php, line 490
Dispatcher::_invoke() - CORE\Cake\Routing\Dispatcher.php, line 187
Dispatcher::dispatch() - CORE\Cake\Routing\Dispatcher.php, line 162
[main] - APP\webroot\index.php, line 110

2014-05-29 10:59:43 Debug: Notice (8): Undefined index: chatroomname in [D:\xampp\htdocs\ple_vers11\app\Controller\ChatsController.php, line 1426]
Trace:
ChatsController::getRoomsUsersInvited() - APP\Controller\ChatsController.php, line 1426
ReflectionMethod::invokeArgs() - [internal], line ??
Controller::invokeAction() - CORE\Cake\Controller\Controller.php, line 490
Dispatcher::_invoke() - CORE\Cake\Routing\Dispatcher.php, line 187
Dispatcher::dispatch() - CORE\Cake\Routing\Dispatcher.php, line 162
[main] - APP\webroot\index.php, line 110

2014-05-29 10:59:43 Debug: Notice (8): Undefined index: chatroomname in [D:\xampp\htdocs\ple_vers11\app\Controller\ChatsController.php, line 1372]
Trace:
ChatsController::getRoomsUsers() - APP\Controller\ChatsController.php, line 1372
ReflectionMethod::invokeArgs() - [internal], line ??
Controller::invokeAction() - CORE\Cake\Controller\Controller.php, line 490
Dispatcher::_invoke() - CORE\Cake\Routing\Dispatcher.php, line 187
Dispatcher::dispatch() - CORE\Cake\Routing\Dispatcher.php, line 162
[main] - APP\webroot\index.php, line 110

2014-05-29 10:59:43 Debug: Notice (8): Undefined index: chatroomname in [D:\xampp\htdocs\ple_vers11\app\Controller\ChatsController.php, line 1372]
Trace:
ChatsController::getRoomsUsers() - APP\Controller\ChatsController.php, line 1372
ReflectionMethod::invokeArgs() - [internal], line ??
Controller::invokeAction() - CORE\Cake\Controller\Controller.php, line 490
Dispatcher::_invoke() - CORE\Cake\Routing\Dispatcher.php, line 187
Dispatcher::dispatch() - CORE\Cake\Routing\Dispatcher.php, line 162
[main] - APP\webroot\index.php, line 110

2014-05-29 10:59:43 Debug: Notice (8): Undefined index: chatroomname in [D:\xampp\htdocs\ple_vers11\app\Controller\ChatsController.php, line 1372]
Trace:
ChatsController::getRoomsUsers() - APP\Controller\ChatsController.php, line 1372
ReflectionMethod::invokeArgs() - [internal], line ??
Controller::invokeAction() - CORE\Cake\Controller\Controller.php, line 490
Dispatcher::_invoke() - CORE\Cake\Routing\Dispatcher.php, line 187
Dispatcher::dispatch() - CORE\Cake\Routing\Dispatcher.php, line 162
[main] - APP\webroot\index.php, line 110

2014-05-29 10:59:43 Debug: Notice (8): Undefined index: chatroomname in [D:\xampp\htdocs\ple_vers11\app\Controller\ChatsController.php, line 1426]
Trace:
ChatsController::getRoomsUsersInvited() - APP\Controller\ChatsController.php, line 1426
ReflectionMethod::invokeArgs() - [internal], line ??
Controller::invokeAction() - CORE\Cake\Controller\Controller.php, line 490
Dispatcher::_invoke() - CORE\Cake\Routing\Dispatcher.php, line 187
Dispatcher::dispatch() - CORE\Cake\Routing\Dispatcher.php, line 162
[main] - APP\webroot\index.php, line 110

2014-05-29 11:01:34 Debug: Notice (8): Undefined offset: 1 in [D:\xampp\htdocs\ple_vers11\app\Controller\AppController.php, line 143]
Trace:
AppController::getCourseNameOfUser() - APP\Controller\AppController.php, line 143
UsersController::logOut() - APP\Controller\UsersController.php, line 288
ReflectionMethod::invokeArgs() - [internal], line ??
Controller::invokeAction() - CORE\Cake\Controller\Controller.php, line 490
Dispatcher::_invoke() - CORE\Cake\Routing\Dispatcher.php, line 187
Dispatcher::dispatch() - CORE\Cake\Routing\Dispatcher.php, line 162
[main] - APP\webroot\index.php, line 110

2014-05-29 11:12:17 Debug: Notice (8): Undefined offset: 1 in [D:\xampp\htdocs\ple_vers11\app\Controller\AppController.php, line 143]
Trace:
AppController::getCourseNameOfUser() - APP\Controller\AppController.php, line 143
UsersController::logOut() - APP\Controller\UsersController.php, line 288
ReflectionMethod::invokeArgs() - [internal], line ??
Controller::invokeAction() - CORE\Cake\Controller\Controller.php, line 490
Dispatcher::_invoke() - CORE\Cake\Routing\Dispatcher.php, line 187
Dispatcher::dispatch() - CORE\Cake\Routing\Dispatcher.php, line 162
[main] - APP\webroot\index.php, line 110

2014-05-29 11:13:14 Debug: Notice (8): Undefined offset: 1 in [D:\xampp\htdocs\ple_vers11\app\Controller\AppController.php, line 143]
Trace:
AppController::getCourseNameOfUser() - APP\Controller\AppController.php, line 143
DashboardsController::login() - APP\Controller\DashboardsController.php, line 83
ReflectionMethod::invokeArgs() - [internal], line ??
Controller::invokeAction() - CORE\Cake\Controller\Controller.php, line 490
Dispatcher::_invoke() - CORE\Cake\Routing\Dispatcher.php, line 187
Dispatcher::dispatch() - CORE\Cake\Routing\Dispatcher.php, line 162
[main] - APP\webroot\index.php, line 110

2014-05-29 11:31:54 Debug: Notice (8): Undefined offset: 1 in [D:\xampp\htdocs\ple_vers11\app\Controller\AppController.php, line 143]
Trace:
AppController::getCourseNameOfUser() - APP\Controller\AppController.php, line 143
UsersController::login() - APP\Controller\UsersController.php, line 131
ReflectionMethod::invokeArgs() - [internal], line ??
Controller::invokeAction() - CORE\Cake\Controller\Controller.php, line 490
Dispatcher::_invoke() - CORE\Cake\Routing\Dispatcher.php, line 187
Dispatcher::dispatch() - CORE\Cake\Routing\Dispatcher.php, line 162
[main] - APP\webroot\index.php, line 110

2014-05-29 11:44:50 Debug: Notice (8): Undefined offset: 1 in [D:\xampp\htdocs\ple_vers11\app\Controller\AppController.php, line 143]
Trace:
AppController::getCourseNameOfUser() - APP\Controller\AppController.php, line 143
DashboardsController::login() - APP\Controller\DashboardsController.php, line 83
ReflectionMethod::invokeArgs() - [internal], line ??
Controller::invokeAction() - CORE\Cake\Controller\Controller.php, line 490
Dispatcher::_invoke() - CORE\Cake\Routing\Dispatcher.php, line 187
Dispatcher::dispatch() - CORE\Cake\Routing\Dispatcher.php, line 162
[main] - APP\webroot\index.php, line 110

2014-05-29 11:48:48 Debug: Notice (8): Undefined offset: 1 in [D:\xampp\htdocs\ple_vers11\app\Controller\AppController.php, line 143]
Trace:
AppController::getCourseNameOfUser() - APP\Controller\AppController.php, line 143
UsersController::login() - APP\Controller\UsersController.php, line 131
ReflectionMethod::invokeArgs() - [internal], line ??
Controller::invokeAction() - CORE\Cake\Controller\Controller.php, line 490
Dispatcher::_invoke() - CORE\Cake\Routing\Dispatcher.php, line 187
Dispatcher::dispatch() - CORE\Cake\Routing\Dispatcher.php, line 162
[main] - APP\webroot\index.php, line 110

2014-05-29 11:49:42 Debug: Notice (8): Undefined offset: 1 in [D:\xampp\htdocs\ple_vers11\app\Controller\AppController.php, line 143]
Trace:
AppController::getCourseNameOfUser() - APP\Controller\AppController.php, line 143
UsersController::login() - APP\Controller\UsersController.php, line 131
ReflectionMethod::invokeArgs() - [internal], line ??
Controller::invokeAction() - CORE\Cake\Controller\Controller.php, line 490
Dispatcher::_invoke() - CORE\Cake\Routing\Dispatcher.php, line 187
Dispatcher::dispatch() - CORE\Cake\Routing\Dispatcher.php, line 162
[main] - APP\webroot\index.php, line 110

2014-05-29 11:50:12 Debug: Notice (8): Undefined offset: 1 in [D:\xampp\htdocs\ple_vers11\app\Controller\AppController.php, line 143]
Trace:
AppController::getCourseNameOfUser() - APP\Controller\AppController.php, line 143
UsersController::login() - APP\Controller\UsersController.php, line 131
ReflectionMethod::invokeArgs() - [internal], line ??
Controller::invokeAction() - CORE\Cake\Controller\Controller.php, line 490
Dispatcher::_invoke() - CORE\Cake\Routing\Dispatcher.php, line 187
Dispatcher::dispatch() - CORE\Cake\Routing\Dispatcher.php, line 162
[main] - APP\webroot\index.php, line 110

2014-05-29 11:50:29 Debug: Notice (8): Undefined offset: 1 in [D:\xampp\htdocs\ple_vers11\app\Controller\AppController.php, line 143]
Trace:
AppController::getCourseNameOfUser() - APP\Controller\AppController.php, line 143
UsersController::login() - APP\Controller\UsersController.php, line 131
ReflectionMethod::invokeArgs() - [internal], line ??
Controller::invokeAction() - CORE\Cake\Controller\Controller.php, line 490
Dispatcher::_invoke() - CORE\Cake\Routing\Dispatcher.php, line 187
Dispatcher::dispatch() - CORE\Cake\Routing\Dispatcher.php, line 162
[main] - APP\webroot\index.php, line 110

2014-05-29 11:51:09 Debug: Notice (8): Undefined offset: 1 in [D:\xampp\htdocs\ple_vers11\app\Controller\AppController.php, line 143]
Trace:
AppController::getCourseNameOfUser() - APP\Controller\AppController.php, line 143
UsersController::login() - APP\Controller\UsersController.php, line 131
ReflectionMethod::invokeArgs() - [internal], line ??
Controller::invokeAction() - CORE\Cake\Controller\Controller.php, line 490
Dispatcher::_invoke() - CORE\Cake\Routing\Dispatcher.php, line 187
Dispatcher::dispatch() - CORE\Cake\Routing\Dispatcher.php, line 162
[main] - APP\webroot\index.php, line 110

