Request on 03-27-14 10:18:48 by tarun@daffodil-109 Reponse is  
Request on 03-27-14 10:18:48 by tarun@daffodil-109 Reponse is  
Request on 03-27-14 10:18:49 by tarun@daffodil-109 Reponse is connected 
Request on 03-27-14 10:19:13 by priya@daffodil-109 Reponse is  
Request on 03-27-14 10:19:13 by priya@daffodil-109 Reponse is  
Request on 03-27-14 10:19:14 by priya@daffodil-109 Reponse is connected 
Request on 03-27-14 22:34:19 by sanjay@daffodil-109 Reponse is  
Request on 03-27-14 22:34:19 by sanjay@daffodil-109 Reponse is  
Request on 03-27-14 22:34:21 by sanjay@daffodil-109 Reponse is connected 
Request on 03-27-14 22:34:36 by tarun@daffodil-109 Reponse is  
Request on 03-27-14 22:34:37 by tarun@daffodil-109 Reponse is  
Request on 03-27-14 22:34:38 by tarun@daffodil-109 Reponse is connected 
Request on 03-27-14 22:35:01 by sanjay@daffodil-109 Reponse is  
Request on 03-27-14 22:35:01 by sanjay@daffodil-109 Reponse is  
Request on 03-27-14 22:35:01 by sanjay@daffodil-109 Reponse is disconnected 
Request on 03-27-14 22:35:02 by sanjay@daffodil-109 Reponse is  
Request on 03-27-14 22:35:03 by sanjay@daffodil-109 Reponse is connected 
Request on 03-27-14 22:36:56 by sanjay@daffodil-109 Reponse is  
Request on 03-27-14 22:36:59 by tarun@daffodil-109 Reponse is  
Request on 03-27-14 22:36:59 by sanjay@daffodil-109 Reponse is  
Request on 03-27-14 22:36:59 by sanjay@daffodil-109 Reponse is disconnected 
Request on 03-27-14 22:36:59 by sanjay@daffodil-109 Reponse is  
Request on 03-27-14 22:37:02 by tarun@daffodil-109 Reponse is disconnected 
Request on 03-27-14 22:37:02 by tarun@daffodil-109 Reponse is  
Request on 03-27-14 22:37:02 by sanjay@daffodil-109 Reponse is connected 
Request on 03-27-14 22:37:02 by tarun@daffodil-109 Reponse is  
Request on 03-28-14 10:36:14 by sanjay@daffodil-109 Reponse is  
Request on 03-28-14 10:36:14 by sanjay@daffodil-109 Reponse is  
Request on 03-28-14 10:36:15 by sanjay@daffodil-109 Reponse is connected 
Request on 03-28-14 10:36:16 by chris@daffodil-109 Reponse is  
Request on 03-28-14 10:36:16 by chris@daffodil-109 Reponse is  
Request on 03-28-14 10:36:17 by chris@daffodil-109 Reponse is connected 
Request on 03-28-14 10:36:43 by richa@daffodil-109 Reponse is  
Request on 03-28-14 10:36:43 by richa@daffodil-109 Reponse is  
Request on 03-28-14 10:36:44 by richa@daffodil-109 Reponse is connected 
Request on 03-28-14 10:36:59 by priya@daffodil-109 Reponse is  
Request on 03-28-14 10:36:59 by priya@daffodil-109 Reponse is  
Request on 03-28-14 10:37:00 by priya@daffodil-109 Reponse is connected 
Request on 03-28-14 10:41:58 by priya@daffodil-109 Reponse is  
Request on 03-28-14 10:41:58 by priya@daffodil-109 Reponse is  
Request on 03-28-14 10:41:59 by priya@daffodil-109 Reponse is connected 
Request on 03-28-14 10:42:04 by chris@daffodil-109 Reponse is  
Request on 03-28-14 10:42:04 by chris@daffodil-109 Reponse is  
Request on 03-28-14 10:42:04 by chris@daffodil-109 Reponse is connected 
Request on 03-28-14 10:42:19 by sanjay@daffodil-109 Reponse is  
Request on 03-28-14 10:42:19 by sanjay@daffodil-109 Reponse is  
Request on 03-28-14 10:42:19 by sanjay@daffodil-109 Reponse is connected 
Request on 03-28-14 10:42:19 by sanjay@daffodil-109 Reponse is  
Request on 03-28-14 10:42:20 by sanjay@daffodil-109 Reponse is  
Request on 03-28-14 10:42:31 by sanjay@daffodil-109 Reponse is connected 
Request on 03-28-14 10:42:40 by chris@daffodil-109 Reponse is  
Request on 03-28-14 10:42:40 by chris@daffodil-109 Reponse is  
Request on 03-28-14 10:42:40 by chris@daffodil-109 Reponse is connected 
Request on 03-28-14 10:42:49 by tarun@daffodil-109 Reponse is  
Request on 03-28-14 10:42:49 by tarun@daffodil-109 Reponse is  
Request on 03-28-14 10:42:50 by tarun@daffodil-109 Reponse is connected 
Request on 03-28-14 10:42:55 by richa@daffodil-109 Reponse is  
Request on 03-28-14 10:42:55 by richa@daffodil-109 Reponse is  
Request on 03-28-14 10:42:56 by richa@daffodil-109 Reponse is connected 
Request on 03-28-14 10:55:15 by priya@daffodil-109 Reponse is  
Request on 03-28-14 10:55:15 by priya@daffodil-109 Reponse is  
Request on 03-28-14 10:55:16 by priya@daffodil-109 Reponse is connected 
Request on 03-28-14 10:55:19 by sanjay@daffodil-109 Reponse is  
Request on 03-28-14 10:55:19 by sanjay@daffodil-109 Reponse is  
Request on 03-28-14 10:55:20 by sanjay@daffodil-109 Reponse is connected 
Request on 03-28-14 11:34:15 by tarun@daffodil-109 Reponse is  
Request on 03-28-14 11:34:15 by tarun@daffodil-109 Reponse is  
Request on 03-28-14 11:34:16 by tarun@daffodil-109 Reponse is connected 
Request on 03-28-14 11:35:01 by tarun@daffodil-109 Reponse is  
Request on 03-28-14 11:35:04 by tarun@daffodil-109 Reponse is disconnected 
Request on 03-28-14 11:35:04 by tarun@daffodil-109 Reponse is  
Request on 03-28-14 11:35:04 by tarun@daffodil-109 Reponse is  
Request on 03-28-14 11:35:04 by tarun@daffodil-109 Reponse is connected 
Request on 03-28-14 12:29:00 by richa@daffodil-109 Reponse is  
Request on 03-28-14 12:29:00 by richa@daffodil-109 Reponse is  
Request on 03-28-14 12:29:00 by richa@daffodil-109 Reponse is disconnected 
Request on 03-28-14 12:29:00 by richa@daffodil-109 Reponse is  
Request on 03-28-14 12:29:01 by richa@daffodil-109 Reponse is connected 
Request on 03-28-14 12:29:09 by richa@daffodil-109 Reponse is  
Request on 03-28-14 12:29:09 by richa@daffodil-109 Reponse is  
Request on 03-28-14 12:29:09 by richa@daffodil-109 Reponse is disconnected 
Request on 03-28-14 12:29:09 by richa@daffodil-109 Reponse is  
Request on 03-28-14 12:29:09 by richa@daffodil-109 Reponse is  
Request on 03-28-14 12:29:09 by richa@daffodil-109 Reponse is  
Request on 03-28-14 12:29:09 by richa@daffodil-109 Reponse is disconnected 
Request on 03-28-14 12:29:09 by richa@daffodil-109 Reponse is  
Request on 03-28-14 12:29:10 by richa@daffodil-109 Reponse is connected 
Request on 03-28-14 12:29:10 by richa@daffodil-109 Reponse is connected 
Request on 03-28-14 14:10:36 by richa@daffodil-109 Reponse is  
Request on 03-28-14 14:10:36 by richa@daffodil-109 Reponse is  
Request on 03-28-14 14:10:36 by richa@daffodil-109 Reponse is disconnected 
Request on 03-28-14 14:10:36 by richa@daffodil-109 Reponse is  
Request on 03-28-14 14:10:37 by richa@daffodil-109 Reponse is connected 
Request on 03-28-14 18:06:10 by rahim@daffodil-109 Reponse is  
Request on 03-28-14 18:06:10 by rahim@daffodil-109 Reponse is  
Request on 03-28-14 18:06:10 by rahim@daffodil-109 Reponse is connected 
Request on 03-28-14 18:06:19 by nancy@daffodil-109 Reponse is  
Request on 03-28-14 18:06:19 by nancy@daffodil-109 Reponse is  
Request on 03-28-14 18:06:20 by nancy@daffodil-109 Reponse is connected 
Request on 03-28-14 18:06:49 by rahim@daffodil-109 Reponse is  
Request on 03-28-14 18:09:27 by john@daffodil-109 Reponse is  
Request on 03-28-14 18:09:27 by john@daffodil-109 Reponse is  
Request on 03-28-14 18:09:27 by john@daffodil-109 Reponse is connected 
Request on 03-28-14 18:09:51 by richard@daffodil-109 Reponse is  
Request on 03-28-14 18:09:51 by richard@daffodil-109 Reponse is  
Request on 03-28-14 18:09:52 by richard@daffodil-109 Reponse is connected 
Request on 03-31-14 10:30:13 by vidhi@daffodil-109 Reponse is  
Request on 03-31-14 10:30:13 by vidhi@daffodil-109 Reponse is  
Request on 03-31-14 10:30:14 by vidhi@daffodil-109 Reponse is connected 
Request on 03-31-14 10:30:46 by vidhi@daffodil-109 Reponse is  
Request on 03-31-14 10:30:48 by vidhi@daffodil-109 Reponse is  
Request on 03-31-14 10:30:48 by vidhi@daffodil-109 Reponse is  
Request on 03-31-14 10:30:49 by vidhi@daffodil-109 Reponse is disconnected 
Request on 03-31-14 10:30:49 by vidhi@daffodil-109 Reponse is  
Request on 03-31-14 10:30:49 by vidhi@daffodil-109 Reponse is  
Request on 03-31-14 10:30:49 by vidhi@daffodil-109 Reponse is connected 
Request on 03-31-14 10:31:06 by vidhi@daffodil-109 Reponse is connected 
Request on 03-31-14 10:31:06 by vidhi@daffodil-109 Reponse is  
Request on 03-31-14 10:31:12 by vidhi@daffodil-109 Reponse is  
Request on 03-31-14 10:31:12 by vidhi@daffodil-109 Reponse is disconnected 
Request on 03-31-14 10:31:12 by vidhi@daffodil-109 Reponse is  
Request on 03-31-14 10:31:27 by vidhi@daffodil-109 Reponse is  
Request on 03-31-14 10:31:27 by vidhi@daffodil-109 Reponse is  
Request on 03-31-14 10:31:52 by vidhi@daffodil-109 Reponse is  
Request on 03-31-14 10:31:52 by vidhi@daffodil-109 Reponse is  
Request on 03-31-14 10:31:53 by vidhi@daffodil-109 Reponse is connected 
Request on 03-31-14 10:32:11 by vidhi@daffodil-109 Reponse is  
Request on 03-31-14 10:32:12 by vidhi@daffodil-109 Reponse is  
Request on 03-31-14 10:32:12 by vidhi@daffodil-109 Reponse is disconnected 
Request on 03-31-14 10:32:13 by vidhi@daffodil-109 Reponse is  
Request on 03-31-14 10:32:13 by vidhi@daffodil-109 Reponse is connected 
Request on 03-31-14 10:32:31 by vidhi@daffodil-109 Reponse is  
Request on 03-31-14 10:32:32 by vidhi@daffodil-109 Reponse is  
Request on 03-31-14 10:32:34 by vidhi@daffodil-109 Reponse is connected 
Request on 03-31-14 10:33:45 by vidhi@daffodil-109 Reponse is  
Request on 03-31-14 10:33:48 by vidhi@daffodil-109 Reponse is  
Request on 03-31-14 10:33:48 by vidhi@daffodil-109 Reponse is disconnected 
Request on 03-31-14 10:33:48 by vidhi@daffodil-109 Reponse is  
Request on 03-31-14 10:33:48 by vidhi@daffodil-109 Reponse is  
Request on 03-31-14 10:33:48 by vidhi@daffodil-109 Reponse is  
Request on 03-31-14 10:33:48 by vidhi@daffodil-109 Reponse is connected 
Request on 03-31-14 10:34:06 by vidhi@daffodil-109 Reponse is connected 
Request on 03-31-14 10:34:07 by vidhi@daffodil-109 Reponse is  
Request on 03-31-14 10:34:07 by vidhi@daffodil-109 Reponse is CONNFAIL 
Request on 03-31-14 10:34:07 by vidhi@daffodil-109 Reponse is  
Request on 03-31-14 10:34:07 by vidhi@daffodil-109 Reponse is  
Request on 03-31-14 10:34:11 by vidhi@daffodil-109 Reponse is  
Request on 03-31-14 10:34:11 by vidhi@daffodil-109 Reponse is disconnected 
Request on 03-31-14 10:34:28 by vidhi@daffodil-109 Reponse is  
Request on 03-31-14 10:34:33 by vidhi@daffodil-109 Reponse is connected 
Request on 03-31-14 10:35:11 by dhiru@daffodil-109 Reponse is  
Request on 03-31-14 10:35:11 by dhiru@daffodil-109 Reponse is  
Request on 03-31-14 10:35:12 by dhiru@daffodil-109 Reponse is connected 
Request on 03-31-14 10:35:29 by jenis@daffodil-109 Reponse is  
Request on 03-31-14 10:35:30 by jenis@daffodil-109 Reponse is  
Request on 03-31-14 10:35:30 by jenis@daffodil-109 Reponse is connected 
Request on 03-31-14 10:35:45 by abhi@daffodil-109 Reponse is  
Request on 03-31-14 10:35:45 by abhi@daffodil-109 Reponse is  
Request on 03-31-14 10:35:46 by abhi@daffodil-109 Reponse is connected 
Request on 03-31-14 10:36:10 by jenis@daffodil-109 Reponse is  
Request on 03-31-14 10:36:11 by priya@daffodil-109 Reponse is  
Request on 03-31-14 10:36:11 by priya@daffodil-109 Reponse is  
Request on 03-31-14 10:36:11 by jenis@daffodil-109 Reponse is  
Request on 03-31-14 10:36:11 by jenis@daffodil-109 Reponse is  
Request on 03-31-14 10:36:11 by priya@daffodil-109 Reponse is connected 
Request on 03-31-14 10:36:12 by jenis@daffodil-109 Reponse is  
Request on 03-31-14 10:36:12 by jenis@daffodil-109 Reponse is  
Request on 03-31-14 10:36:12 by jenis@daffodil-109 Reponse is CONNFAIL 
Request on 03-31-14 10:36:12 by jenis@daffodil-109 Reponse is  
Request on 03-31-14 10:36:13 by jenis@daffodil-109 Reponse is disconnected 
Request on 03-31-14 10:36:13 by jenis@daffodil-109 Reponse is connected 
Request on 03-31-14 10:36:13 by jenis@daffodil-109 Reponse is  
Request on 03-31-14 10:36:13 by jenis@daffodil-109 Reponse is  
Request on 03-31-14 10:36:39 by jenis@daffodil-109 Reponse is connected 
Request on 03-31-14 10:36:39 by jenis@daffodil-109 Reponse is connected 
Request on 03-31-14 10:37:36 by tarun@daffodil-109 Reponse is  
Request on 03-31-14 10:37:36 by tarun@daffodil-109 Reponse is  
Request on 03-31-14 10:37:37 by tarun@daffodil-109 Reponse is connected 
Request on 03-31-14 10:37:42 by abhi@daffodil-109 Reponse is  
Request on 03-31-14 10:37:42 by abhi@daffodil-109 Reponse is  
Request on 03-31-14 10:37:43 by abhi@daffodil-109 Reponse is connected 
Request on 03-31-14 10:38:10 by ankit@daffodil-109 Reponse is  
Request on 03-31-14 10:38:10 by ankit@daffodil-109 Reponse is  
Request on 03-31-14 10:38:11 by ankit@daffodil-109 Reponse is connected 
Request on 03-31-14 10:38:35 by priya@daffodil-109 Reponse is  
Request on 03-31-14 10:38:35 by priya@daffodil-109 Reponse is  
Request on 03-31-14 10:38:36 by priya@daffodil-109 Reponse is connected 
Request on 03-31-14 10:38:57 by ankit@daffodil-109 Reponse is  
Request on 03-31-14 10:38:58 by ankit@daffodil-109 Reponse is  
Request on 03-31-14 10:38:58 by ankit@daffodil-109 Reponse is connected 
Request on 03-31-14 10:39:06 by manish@daffodil-109 Reponse is  
Request on 03-31-14 10:39:06 by manish@daffodil-109 Reponse is  
Request on 03-31-14 10:39:07 by manish@daffodil-109 Reponse is connected 
Request on 03-31-14 10:39:40 by dhiru@daffodil-109 Reponse is  
Request on 03-31-14 10:39:40 by dhiru@daffodil-109 Reponse is  
Request on 03-31-14 10:39:41 by dhiru@daffodil-109 Reponse is connected 
Request on 03-31-14 10:40:12 by priya@daffodil-109 Reponse is  
Request on 03-31-14 10:40:12 by priya@daffodil-109 Reponse is  
Request on 03-31-14 10:40:12 by priya@daffodil-109 Reponse is connected 
Request on 03-31-14 10:40:14 by chanchal@daffodil-109 Reponse is  
Request on 03-31-14 10:40:14 by chanchal@daffodil-109 Reponse is  
Request on 03-31-14 10:40:15 by chanchal@daffodil-109 Reponse is connected 
Request on 03-31-14 10:40:20 by ankit@daffodil-109 Reponse is  
Request on 03-31-14 10:40:20 by ankit@daffodil-109 Reponse is  
Request on 03-31-14 10:40:20 by ankit@daffodil-109 Reponse is connected 
Request on 03-31-14 10:40:23 by manish@daffodil-109 Reponse is  
Request on 03-31-14 10:40:23 by manish@daffodil-109 Reponse is  
Request on 03-31-14 10:40:24 by manish@daffodil-109 Reponse is connected 
Request on 03-31-14 10:40:33 by dhiru@daffodil-109 Reponse is  
Request on 03-31-14 10:40:33 by dhiru@daffodil-109 Reponse is  
Request on 03-31-14 10:40:34 by dhiru@daffodil-109 Reponse is connected 
Request on 03-31-14 10:40:57 by ankit@daffodil-109 Reponse is  
Request on 03-31-14 10:40:57 by ankit@daffodil-109 Reponse is disconnected 
Request on 03-31-14 10:40:58 by ankit@daffodil-109 Reponse is  
Request on 03-31-14 10:40:59 by ankit@daffodil-109 Reponse is  
Request on 03-31-14 10:41:00 by ankit@daffodil-109 Reponse is connected 
Request on 03-31-14 10:41:01 by manish@daffodil-109 Reponse is  
Request on 03-31-14 10:41:01 by manish@daffodil-109 Reponse is  
Request on 03-31-14 10:41:01 by manish@daffodil-109 Reponse is disconnected 
Request on 03-31-14 10:41:01 by manish@daffodil-109 Reponse is  
Request on 03-31-14 10:41:01 by manish@daffodil-109 Reponse is connected 
Request on 03-31-14 10:41:04 by jenis@daffodil-109 Reponse is CONNFAIL 
Request on 03-31-14 10:41:05 by jenis@daffodil-109 Reponse is  
Request on 03-31-14 10:41:05 by jenis@daffodil-109 Reponse is  
Request on 03-31-14 10:41:06 by jenis@daffodil-109 Reponse is  
Request on 03-31-14 10:41:06 by jenis@daffodil-109 Reponse is connected 
Request on 03-31-14 10:41:22 by priya@daffodil-109 Reponse is  
Request on 03-31-14 10:41:25 by priya@daffodil-109 Reponse is  
Request on 03-31-14 10:41:25 by priya@daffodil-109 Reponse is disconnected 
Request on 03-31-14 10:41:25 by priya@daffodil-109 Reponse is  
Request on 03-31-14 10:41:26 by priya@daffodil-109 Reponse is connected 
Request on 03-31-14 10:41:35 by vidhi@daffodil-109 Reponse is  
Request on 03-31-14 10:41:36 by jenis@daffodil-109 Reponse is  
Request on 03-31-14 10:41:36 by jenis@daffodil-109 Reponse is disconnected 
Request on 03-31-14 10:41:37 by jenis@daffodil-109 Reponse is  
Request on 03-31-14 10:41:38 by vidhi@daffodil-109 Reponse is disconnected 
Request on 03-31-14 10:41:39 by vidhi@daffodil-109 Reponse is  
Request on 03-31-14 10:41:40 by vidhi@daffodil-109 Reponse is  
Request on 03-31-14 10:41:40 by vidhi@daffodil-109 Reponse is connected 
Request on 03-31-14 10:41:50 by jenis@daffodil-109 Reponse is connected 
Request on 03-31-14 10:43:36 by manish@daffodil-109 Reponse is  
Request on 03-31-14 10:43:39 by manish@daffodil-109 Reponse is disconnected 
Request on 03-31-14 10:43:39 by manish@daffodil-109 Reponse is  
Request on 03-31-14 10:43:39 by manish@daffodil-109 Reponse is  
Request on 03-31-14 10:43:40 by manish@daffodil-109 Reponse is connected 
Request on 03-31-14 10:44:09 by priya@daffodil-109 Reponse is  
Request on 03-31-14 10:44:09 by priya@daffodil-109 Reponse is  
Request on 03-31-14 10:44:09 by priya@daffodil-109 Reponse is connected 
Request on 03-31-14 10:45:16 by ankit@daffodil-109 Reponse is  
Request on 03-31-14 10:45:16 by ankit@daffodil-109 Reponse is  
Request on 03-31-14 10:45:17 by ankit@daffodil-109 Reponse is connected 
Request on 03-31-14 10:45:17 by manish@daffodil-109 Reponse is  
Request on 03-31-14 10:45:17 by manish@daffodil-109 Reponse is  
Request on 03-31-14 10:45:18 by manish@daffodil-109 Reponse is connected 
Request on 03-31-14 10:45:50 by ankit@daffodil-109 Reponse is  
Request on 03-31-14 10:45:50 by ankit@daffodil-109 Reponse is  
Request on 03-31-14 10:45:51 by ankit@daffodil-109 Reponse is connected 
Request on 03-31-14 10:46:34 by prem@daffodil-109 Reponse is  
Request on 03-31-14 10:46:34 by prem@daffodil-109 Reponse is  
Request on 03-31-14 10:46:35 by prem@daffodil-109 Reponse is connected 
Request on 03-31-14 10:48:19 by vidhi@daffodil-109 Reponse is  
Request on 03-31-14 10:48:19 by vidhi@daffodil-109 Reponse is  
Request on 03-31-14 10:48:20 by vidhi@daffodil-109 Reponse is connected 
Request on 03-31-14 10:49:57 by tarun@daffodil-109 Reponse is  
Request on 03-31-14 10:49:57 by tarun@daffodil-109 Reponse is  
Request on 03-31-14 10:49:58 by tarun@daffodil-109 Reponse is connected 
Request on 03-31-14 10:51:26 by vidhi@daffodil-109 Reponse is  
Request on 03-31-14 10:51:27 by vidhi@daffodil-109 Reponse is CONNFAIL 
Request on 03-31-14 10:51:27 by vidhi@daffodil-109 Reponse is  
Request on 03-31-14 10:51:27 by vidhi@daffodil-109 Reponse is  
Request on 03-31-14 10:51:27 by vidhi@daffodil-109 Reponse is connected 
Request on 03-31-14 10:51:29 by tarun@daffodil-109 Reponse is  
Request on 03-31-14 10:51:30 by tarun@daffodil-109 Reponse is  
Request on 03-31-14 10:51:30 by tarun@daffodil-109 Reponse is  
Request on 03-31-14 10:51:30 by tarun@daffodil-109 Reponse is CONNFAIL 
Request on 03-31-14 10:51:32 by tarun@daffodil-109 Reponse is disconnected 
Request on 03-31-14 10:51:32 by tarun@daffodil-109 Reponse is  
Request on 03-31-14 10:51:33 by tarun@daffodil-109 Reponse is  
Request on 03-31-14 10:51:33 by tarun@daffodil-109 Reponse is  
Request on 03-31-14 10:51:33 by tarun@daffodil-109 Reponse is connected 
Request on 03-31-14 10:51:33 by tarun@daffodil-109 Reponse is connected 
Request on 03-31-14 10:51:56 by vidhi@daffodil-109 Reponse is  
Request on 03-31-14 10:51:56 by vidhi@daffodil-109 Reponse is disconnected 
Request on 03-31-14 10:51:57 by vidhi@daffodil-109 Reponse is  
Request on 03-31-14 10:52:34 by tarun@daffodil-109 Reponse is  
Request on 03-31-14 10:52:37 by tarun@daffodil-109 Reponse is  
Request on 03-31-14 10:52:37 by tarun@daffodil-109 Reponse is  
Request on 03-31-14 10:52:37 by tarun@daffodil-109 Reponse is disconnected 
Request on 03-31-14 10:52:38 by tarun@daffodil-109 Reponse is connected 
Request on 03-31-14 10:53:37 by abhi@daffodil-109 Reponse is  
Request on 03-31-14 10:53:39 by abhi@daffodil-109 Reponse is  
Request on 03-31-14 10:53:40 by abhi@daffodil-109 Reponse is  
Request on 03-31-14 10:53:40 by abhi@daffodil-109 Reponse is  
Request on 03-31-14 10:53:40 by abhi@daffodil-109 Reponse is disconnected 
Request on 03-31-14 10:53:40 by abhi@daffodil-109 Reponse is connected 
Request on 03-31-14 11:57:32 by kani@daffodil-109 Reponse is  
Request on 03-31-14 11:57:32 by kani@daffodil-109 Reponse is  
Request on 03-31-14 11:57:33 by kani@daffodil-109 Reponse is connected 
Request on 03-31-14 11:57:43 by anuj@daffodil-109 Reponse is  
Request on 03-31-14 11:57:43 by anuj@daffodil-109 Reponse is  
Request on 03-31-14 11:57:43 by anuj@daffodil-109 Reponse is connected 
Request on 03-31-14 12:09:06 by abhi@daffodil-109 Reponse is  
Request on 03-31-14 12:09:06 by abhi@daffodil-109 Reponse is  
Request on 03-31-14 12:09:07 by abhi@daffodil-109 Reponse is connected 
Request on 03-31-14 12:09:28 by anuj@daffodil-109 Reponse is  
Request on 03-31-14 12:09:29 by anuj@daffodil-109 Reponse is  
Request on 03-31-14 12:09:29 by anuj@daffodil-109 Reponse is connected 
Request on 03-31-14 12:09:48 by vidhi@daffodil-109 Reponse is  
Request on 03-31-14 12:09:48 by vidhi@daffodil-109 Reponse is CONNFAIL 
Request on 03-31-14 12:09:48 by vidhi@daffodil-109 Reponse is  
Request on 03-31-14 12:09:48 by vidhi@daffodil-109 Reponse is  
Request on 03-31-14 12:10:07 by vidhi@daffodil-109 Reponse is disconnected 
Request on 03-31-14 12:10:07 by vidhi@daffodil-109 Reponse is  
Request on 03-31-14 12:10:09 by vidhi@daffodil-109 Reponse is  
Request on 03-31-14 12:10:09 by vidhi@daffodil-109 Reponse is connected 
Request on 03-31-14 12:10:09 by vidhi@daffodil-109 Reponse is connected 
Request on 03-31-14 12:13:28 by tarun@daffodil-109 Reponse is  
Request on 03-31-14 12:13:28 by tarun@daffodil-109 Reponse is  
Request on 03-31-14 12:13:28 by tarun@daffodil-109 Reponse is connected 
Request on 03-31-14 12:13:50 by kani@daffodil-109 Reponse is  
Request on 03-31-14 12:13:50 by kani@daffodil-109 Reponse is  
Request on 03-31-14 12:13:51 by kani@daffodil-109 Reponse is connected 
Request on 03-31-14 12:14:36 by abhi@daffodil-109 Reponse is  
Request on 03-31-14 12:14:38 by abhi@daffodil-109 Reponse is disconnected 
Request on 03-31-14 12:14:39 by abhi@daffodil-109 Reponse is  
Request on 03-31-14 12:14:39 by abhi@daffodil-109 Reponse is  
Request on 03-31-14 12:14:39 by abhi@daffodil-109 Reponse is connected 
Request on 03-31-14 12:15:03 by abhi@daffodil-109 Reponse is  
Request on 03-31-14 12:15:03 by abhi@daffodil-109 Reponse is  
Request on 03-31-14 12:15:03 by abhi@daffodil-109 Reponse is connected 
Request on 03-31-14 12:15:36 by kani@daffodil-109 Reponse is  
Request on 03-31-14 12:15:39 by kani@daffodil-109 Reponse is disconnected 
Request on 03-31-14 12:15:39 by kani@daffodil-109 Reponse is  
Request on 03-31-14 12:15:39 by kani@daffodil-109 Reponse is  
Request on 03-31-14 12:15:40 by kani@daffodil-109 Reponse is connected 
Request on 03-31-14 12:18:15 by tarun@daffodil-109 Reponse is  
Request on 03-31-14 12:18:15 by tarun@daffodil-109 Reponse is  
Request on 03-31-14 12:18:16 by tarun@daffodil-109 Reponse is connected 
Request on 03-31-14 12:21:27 by tarun@daffodil-109 Reponse is  
Request on 03-31-14 12:21:29 by kani@daffodil-109 Reponse is  
Request on 03-31-14 12:21:29 by kani@daffodil-109 Reponse is  
Request on 03-31-14 12:21:30 by kani@daffodil-109 Reponse is connected 
Request on 03-31-14 12:21:30 by tarun@daffodil-109 Reponse is  
Request on 03-31-14 12:21:30 by tarun@daffodil-109 Reponse is  
Request on 03-31-14 12:21:30 by tarun@daffodil-109 Reponse is disconnected 
Request on 03-31-14 12:21:31 by tarun@daffodil-109 Reponse is connected 
Request on 03-31-14 12:23:07 by kani@daffodil-109 Reponse is  
Request on 03-31-14 12:23:07 by kani@daffodil-109 Reponse is  
Request on 03-31-14 12:23:07 by kani@daffodil-109 Reponse is connected 
Request on 03-31-14 12:23:18 by tarun@daffodil-109 Reponse is  
Request on 03-31-14 12:23:18 by tarun@daffodil-109 Reponse is  
Request on 03-31-14 12:23:19 by tarun@daffodil-109 Reponse is connected 
Request on 03-31-14 12:24:37 by abhi@daffodil-109 Reponse is  
Request on 03-31-14 12:24:40 by abhi@daffodil-109 Reponse is  
Request on 03-31-14 12:24:40 by abhi@daffodil-109 Reponse is disconnected 
Request on 03-31-14 12:24:40 by abhi@daffodil-109 Reponse is  
Request on 03-31-14 12:24:41 by kani@daffodil-109 Reponse is  
Request on 03-31-14 12:24:41 by kani@daffodil-109 Reponse is  
Request on 03-31-14 12:24:41 by abhi@daffodil-109 Reponse is connected 
Request on 03-31-14 12:24:41 by kani@daffodil-109 Reponse is connected 
Request on 03-31-14 12:25:09 by abhi@daffodil-109 Reponse is  
Request on 03-31-14 12:25:09 by abhi@daffodil-109 Reponse is  
Request on 03-31-14 12:25:09 by abhi@daffodil-109 Reponse is connected 
Request on 03-31-14 12:26:14 by abhi@daffodil-109 Reponse is  
Request on 03-31-14 12:26:14 by abhi@daffodil-109 Reponse is  
Request on 03-31-14 12:26:14 by abhi@daffodil-109 Reponse is connected 
Request on 03-31-14 12:27:18 by abhi@daffodil-109 Reponse is  
Request on 03-31-14 12:27:21 by abhi@daffodil-109 Reponse is disconnected 
Request on 03-31-14 12:27:21 by abhi@daffodil-109 Reponse is  
Request on 03-31-14 12:27:21 by abhi@daffodil-109 Reponse is  
Request on 03-31-14 12:27:22 by abhi@daffodil-109 Reponse is connected 
Request on 03-31-14 12:28:43 by kani@daffodil-109 Reponse is  
Request on 03-31-14 12:28:44 by kani@daffodil-109 Reponse is  
Request on 03-31-14 12:28:45 by kani@daffodil-109 Reponse is  
Request on 03-31-14 12:28:46 by kani@daffodil-109 Reponse is disconnected 
Request on 03-31-14 12:28:46 by kani@daffodil-109 Reponse is  
Request on 03-31-14 12:28:46 by kani@daffodil-109 Reponse is  
Request on 03-31-14 12:28:46 by kani@daffodil-109 Reponse is connected 
Request on 03-31-14 12:29:04 by kani@daffodil-109 Reponse is  
Request on 03-31-14 12:29:04 by kani@daffodil-109 Reponse is disconnected 
Request on 03-31-14 12:29:04 by kani@daffodil-109 Reponse is  
Request on 03-31-14 12:29:04 by kani@daffodil-109 Reponse is disconnected 
Request on 03-31-14 12:29:04 by kani@daffodil-109 Reponse is  
Request on 03-31-14 12:29:04 by kani@daffodil-109 Reponse is  
Request on 03-31-14 12:29:07 by kani@daffodil-109 Reponse is connected 
Request on 03-31-14 12:29:07 by kani@daffodil-109 Reponse is connected 
Request on 03-31-14 12:29:26 by kani@daffodil-109 Reponse is  
Request on 03-31-14 12:29:26 by kani@daffodil-109 Reponse is  
Request on 03-31-14 12:29:41 by abhi@daffodil-109 Reponse is  
Request on 03-31-14 12:29:41 by abhi@daffodil-109 Reponse is  
Request on 03-31-14 12:29:42 by abhi@daffodil-109 Reponse is connected 
Request on 03-31-14 12:29:52 by kani@daffodil-109 Reponse is connected 
Request on 03-31-14 12:31:27 by vidhi@daffodil-109 Reponse is  
Request on 03-31-14 12:31:27 by vidhi@daffodil-109 Reponse is CONNFAIL 
Request on 03-31-14 12:31:27 by vidhi@daffodil-109 Reponse is  
Request on 03-31-14 12:31:28 by vidhi@daffodil-109 Reponse is  
Request on 03-31-14 12:31:29 by vidhi@daffodil-109 Reponse is connected 
Request on 03-31-14 12:31:57 by abhi@daffodil-109 Reponse is  
Request on 03-31-14 12:31:57 by abhi@daffodil-109 Reponse is  
Request on 03-31-14 12:31:58 by abhi@daffodil-109 Reponse is connected 
Request on 03-31-14 12:31:58 by vidhi@daffodil-109 Reponse is  
Request on 03-31-14 12:31:58 by vidhi@daffodil-109 Reponse is disconnected 
Request on 03-31-14 12:32:00 by vidhi@daffodil-109 Reponse is  
Request on 03-31-14 12:32:57 by abhi@daffodil-109 Reponse is  
Request on 03-31-14 12:32:57 by abhi@daffodil-109 Reponse is  
Request on 03-31-14 12:32:57 by abhi@daffodil-109 Reponse is connected 
Request on 03-31-14 12:39:28 by vidhi@daffodil-109 Reponse is  
Request on 03-31-14 12:39:28 by vidhi@daffodil-109 Reponse is disconnected 
Request on 03-31-14 12:39:28 by vidhi@daffodil-109 Reponse is  
Request on 03-31-14 12:39:28 by vidhi@daffodil-109 Reponse is  
Request on 03-31-14 12:40:29 by vidhi@daffodil-109 Reponse is connected 
Request on 03-31-14 12:45:01 by abhi@daffodil-109 Reponse is  
Request on 03-31-14 12:45:02 by abhi@daffodil-109 Reponse is  
Request on 03-31-14 12:45:02 by abhi@daffodil-109 Reponse is connected 
Request on 03-31-14 12:49:44 by kani@daffodil-109 Reponse is  
Request on 03-31-14 12:49:47 by kani@daffodil-109 Reponse is  
Request on 03-31-14 12:49:47 by kani@daffodil-109 Reponse is disconnected 
Request on 03-31-14 12:49:47 by kani@daffodil-109 Reponse is  
Request on 03-31-14 12:49:48 by kani@daffodil-109 Reponse is connected 
Request on 03-31-14 14:33:17 by vidhi@daffodil-109 Reponse is  
Request on 03-31-14 16:17:25 by abhi@daffodil-109 Reponse is  
Request on 03-31-14 16:17:25 by abhi@daffodil-109 Reponse is  
Request on 03-31-14 16:17:25 by abhi@daffodil-109 Reponse is disconnected 
Request on 03-31-14 16:17:26 by abhi@daffodil-109 Reponse is  
Request on 03-31-14 16:17:27 by abhi@daffodil-109 Reponse is connected 
Request on 03-31-14 16:23:57 by abhi@daffodil-109 Reponse is  
Request on 03-31-14 16:23:57 by abhi@daffodil-109 Reponse is disconnected 
Request on 03-31-14 16:23:57 by abhi@daffodil-109 Reponse is  
Request on 03-31-14 16:23:57 by abhi@daffodil-109 Reponse is  
Request on 03-31-14 16:23:57 by abhi@daffodil-109 Reponse is connected 
Request on 03-31-14 17:04:11 by abhi@daffodil-109 Reponse is  
Request on 03-31-14 17:04:11 by abhi@daffodil-109 Reponse is disconnected 
Request on 03-31-14 17:04:11 by abhi@daffodil-109 Reponse is  
Request on 03-31-14 17:04:11 by abhi@daffodil-109 Reponse is  
Request on 03-31-14 17:04:11 by abhi@daffodil-109 Reponse is  
Request on 03-31-14 17:04:11 by abhi@daffodil-109 Reponse is  
Request on 03-31-14 17:04:11 by abhi@daffodil-109 Reponse is disconnected 
Request on 03-31-14 17:05:17 by abhi@daffodil-109 Reponse is  
Request on 03-31-14 17:05:18 by abhi@daffodil-109 Reponse is connected 
Request on 03-31-14 17:28:00 by yogi@daffodil-109 Reponse is  
Request on 03-31-14 17:28:00 by yogi@daffodil-109 Reponse is  
Request on 03-31-14 17:28:02 by yogi@daffodil-109 Reponse is connected 
Request on 03-31-14 17:28:39 by abhi@daffodil-109 Reponse is  
Request on 03-31-14 17:28:39 by abhi@daffodil-109 Reponse is  
Request on 03-31-14 17:28:40 by abhi@daffodil-109 Reponse is connected 
Request on 03-31-14 17:29:42 by kani@daffodil-109 Reponse is  
Request on 03-31-14 17:29:42 by kani@daffodil-109 Reponse is  
Request on 03-31-14 17:29:42 by kani@daffodil-109 Reponse is connected 
Request on 03-31-14 19:13:07 by prem@daffodil-109 Reponse is  
Request on 03-31-14 19:13:08 by prem@daffodil-109 Reponse is  
Request on 03-31-14 19:13:09 by prem@daffodil-109 Reponse is connected 
Request on 03-31-14 19:13:28 by sandy@daffodil-109 Reponse is  
Request on 03-31-14 19:13:28 by sandy@daffodil-109 Reponse is  
Request on 03-31-14 19:13:30 by sandy@daffodil-109 Reponse is connected 
Request on 03-31-14 19:17:26 by prem@daffodil-109 Reponse is  
Request on 03-31-14 19:17:29 by prem@daffodil-109 Reponse is  
Request on 03-31-14 19:17:29 by prem@daffodil-109 Reponse is disconnected 
Request on 03-31-14 19:17:29 by prem@daffodil-109 Reponse is  
Request on 03-31-14 19:17:29 by prem@daffodil-109 Reponse is  
Request on 03-31-14 19:17:30 by prem@daffodil-109 Reponse is  
Request on 03-31-14 19:17:31 by prem@daffodil-109 Reponse is connected 
Request on 03-31-14 19:17:31 by prem@daffodil-109 Reponse is connected 
Request on 03-31-14 19:17:47 by sandy@daffodil-109 Reponse is  
Request on 03-31-14 19:17:47 by sandy@daffodil-109 Reponse is  
Request on 03-31-14 19:17:48 by sandy@daffodil-109 Reponse is connected 
Request on 03-31-14 19:18:28 by sandy@daffodil-109 Reponse is  
Request on 03-31-14 19:18:29 by sandy@daffodil-109 Reponse is  
Request on 03-31-14 19:18:29 by sandy@daffodil-109 Reponse is disconnected 
Request on 03-31-14 19:18:29 by sandy@daffodil-109 Reponse is  
Request on 03-31-14 19:18:50 by prem@daffodil-109 Reponse is  
Request on 03-31-14 19:18:50 by prem@daffodil-109 Reponse is disconnected 
Request on 03-31-14 19:18:50 by prem@daffodil-109 Reponse is  
Request on 03-31-14 19:18:50 by prem@daffodil-109 Reponse is  
Request on 03-31-14 19:18:50 by prem@daffodil-109 Reponse is  
Request on 03-31-14 19:18:50 by prem@daffodil-109 Reponse is disconnected 
Request on 03-31-14 19:18:50 by prem@daffodil-109 Reponse is  
Request on 03-31-14 19:18:50 by prem@daffodil-109 Reponse is  
Request on 03-31-14 19:21:54 by sandy@daffodil-109 Reponse is  
Request on 03-31-14 19:21:54 by sandy@daffodil-109 Reponse is  
Request on 03-31-14 19:21:55 by sandy@daffodil-109 Reponse is connected 
Request on 03-31-14 19:22:15 by ankit@daffodil-109 Reponse is  
Request on 03-31-14 19:22:15 by ankit@daffodil-109 Reponse is  
Request on 03-31-14 19:22:16 by ankit@daffodil-109 Reponse is connected 
Request on 03-31-14 19:22:32 by sandy@daffodil-109 Reponse is  
Request on 03-31-14 19:22:32 by sandy@daffodil-109 Reponse is  
Request on 03-31-14 19:22:32 by sandy@daffodil-109 Reponse is disconnected 
Request on 03-31-14 19:22:32 by sandy@daffodil-109 Reponse is  
Request on 03-31-14 19:22:34 by sandy@daffodil-109 Reponse is connected 
Request on 03-31-14 19:23:33 by sandy@daffodil-109 Reponse is  
Request on 03-31-14 19:23:33 by sandy@daffodil-109 Reponse is disconnected 
Request on 03-31-14 19:23:33 by sandy@daffodil-109 Reponse is  
Request on 03-31-14 19:23:33 by sandy@daffodil-109 Reponse is  
Request on 03-31-14 19:23:34 by sandy@daffodil-109 Reponse is connected 
Request on 03-31-14 19:24:33 by ankit@daffodil-109 Reponse is  
Request on 03-31-14 19:24:36 by ankit@daffodil-109 Reponse is  
Request on 03-31-14 19:24:36 by ankit@daffodil-109 Reponse is disconnected 
Request on 03-31-14 19:24:36 by ankit@daffodil-109 Reponse is  
Request on 03-31-14 19:24:38 by ankit@daffodil-109 Reponse is connected 
Request on 03-31-14 19:26:06 by sandy@daffodil-109 Reponse is  
Request on 03-31-14 19:26:06 by sandy@daffodil-109 Reponse is  
Request on 03-31-14 19:26:07 by sandy@daffodil-109 Reponse is connected 
Request on 03-31-14 19:26:22 by ankit@daffodil-109 Reponse is  
Request on 03-31-14 19:26:22 by ankit@daffodil-109 Reponse is  
Request on 03-31-14 19:26:24 by ankit@daffodil-109 Reponse is connected 
Request on 03-31-14 19:27:03 by ankit@daffodil-109 Reponse is  
Request on 03-31-14 19:27:03 by ankit@daffodil-109 Reponse is  
Request on 03-31-14 19:27:03 by ankit@daffodil-109 Reponse is disconnected 
Request on 03-31-14 19:27:03 by ankit@daffodil-109 Reponse is  
Request on 03-31-14 19:27:04 by ankit@daffodil-109 Reponse is connected 
Request on 03-31-14 19:28:20 by sandy@daffodil-109 Reponse is  
Request on 03-31-14 19:28:23 by sandy@daffodil-109 Reponse is  
Request on 03-31-14 19:28:23 by sandy@daffodil-109 Reponse is disconnected 
Request on 03-31-14 19:28:23 by sandy@daffodil-109 Reponse is  
Request on 03-31-14 19:28:24 by sandy@daffodil-109 Reponse is connected 
Request on 03-31-14 19:29:03 by sandy@daffodil-109 Reponse is  
Request on 03-31-14 19:29:03 by sandy@daffodil-109 Reponse is  
Request on 03-31-14 19:29:03 by sandy@daffodil-109 Reponse is disconnected 
Request on 03-31-14 19:29:03 by sandy@daffodil-109 Reponse is  
Request on 03-31-14 19:29:07 by sandy@daffodil-109 Reponse is connected 
Request on 03-31-14 19:29:28 by ankit@daffodil-109 Reponse is  
Request on 03-31-14 19:29:28 by ankit@daffodil-109 Reponse is  
Request on 03-31-14 19:29:30 by ankit@daffodil-109 Reponse is connected 
Request on 03-31-14 19:30:16 by sandy@daffodil-109 Reponse is  
Request on 03-31-14 19:30:16 by sandy@daffodil-109 Reponse is  
Request on 03-31-14 19:30:19 by sandy@daffodil-109 Reponse is connected 
Request on 03-31-14 19:31:03 by sandy@daffodil-109 Reponse is  
Request on 03-31-14 19:31:03 by sandy@daffodil-109 Reponse is  
Request on 03-31-14 19:31:03 by sandy@daffodil-109 Reponse is disconnected 
Request on 03-31-14 19:31:03 by sandy@daffodil-109 Reponse is  
Request on 03-31-14 19:31:04 by sandy@daffodil-109 Reponse is connected 
Request on 03-31-14 19:42:24 by ankit@daffodil-109 Reponse is  
Request on 03-31-14 19:42:24 by ankit@daffodil-109 Reponse is  
Request on 03-31-14 19:42:25 by ankit@daffodil-109 Reponse is connected 
Request on 03-31-14 19:42:41 by sandy@daffodil-109 Reponse is  
Request on 03-31-14 19:42:41 by sandy@daffodil-109 Reponse is  
Request on 03-31-14 19:42:42 by sandy@daffodil-109 Reponse is connected 
Request on 03-31-14 19:43:04 by ankit@daffodil-109 Reponse is  
Request on 03-31-14 19:43:04 by ankit@daffodil-109 Reponse is  
Request on 03-31-14 19:43:04 by ankit@daffodil-109 Reponse is disconnected 
Request on 03-31-14 19:43:05 by ankit@daffodil-109 Reponse is  
Request on 03-31-14 19:43:06 by ankit@daffodil-109 Reponse is connected 
Request on 04-01-14 09:56:13 by yogi@daffodil-109 Reponse is  
Request on 04-01-14 09:56:13 by yogi@daffodil-109 Reponse is  
Request on 04-01-14 09:56:13 by yogi@daffodil-109 Reponse is connected 
Request on 04-01-14 09:56:32 by abhi@daffodil-109 Reponse is  
Request on 04-01-14 09:56:32 by abhi@daffodil-109 Reponse is  
Request on 04-01-14 09:56:33 by abhi@daffodil-109 Reponse is connected 
Request on 04-01-14 09:59:02 by yogi@daffodil-109 Reponse is  
Request on 04-01-14 09:59:05 by yogi@daffodil-109 Reponse is  
Request on 04-01-14 09:59:05 by yogi@daffodil-109 Reponse is disconnected 
Request on 04-01-14 09:59:05 by yogi@daffodil-109 Reponse is  
Request on 04-01-14 09:59:05 by yogi@daffodil-109 Reponse is connected 
Request on 04-01-14 10:01:53 by abhi@daffodil-109 Reponse is  
Request on 04-01-14 10:52:09 by yogi@daffodil-109 Reponse is  
Request on 04-01-14 10:52:10 by yogi@daffodil-109 Reponse is  
Request on 04-01-14 10:52:12 by yogi@daffodil-109 Reponse is connected 
Request on 04-01-14 10:52:18 by abhi@daffodil-109 Reponse is  
Request on 04-01-14 10:52:18 by abhi@daffodil-109 Reponse is  
Request on 04-01-14 10:52:21 by abhi@daffodil-109 Reponse is connected 
Request on 04-01-14 10:53:21 by yogi@daffodil-109 Reponse is  
Request on 04-01-14 10:53:21 by yogi@daffodil-109 Reponse is  
Request on 04-01-14 10:53:21 by yogi@daffodil-109 Reponse is disconnected 
Request on 04-01-14 10:53:21 by yogi@daffodil-109 Reponse is  
Request on 04-01-14 10:53:22 by yogi@daffodil-109 Reponse is connected 
Request on 04-01-14 10:53:26 by abhi@daffodil-109 Reponse is  
Request on 04-01-14 10:53:26 by abhi@daffodil-109 Reponse is  
Request on 04-01-14 10:53:26 by abhi@daffodil-109 Reponse is disconnected 
Request on 04-01-14 10:53:26 by abhi@daffodil-109 Reponse is  
Request on 04-01-14 10:53:28 by abhi@daffodil-109 Reponse is connected 
Request on 04-01-14 10:54:18 by yogi@daffodil-109 Reponse is  
Request on 04-01-14 10:54:18 by yogi@daffodil-109 Reponse is  
Request on 04-01-14 10:54:19 by yogi@daffodil-109 Reponse is disconnected 
Request on 04-01-14 10:54:19 by yogi@daffodil-109 Reponse is  
Request on 04-01-14 10:54:21 by yogi@daffodil-109 Reponse is connected 
Request on 04-01-14 10:55:22 by abhi@daffodil-109 Reponse is  
Request on 04-01-14 10:55:23 by abhi@daffodil-109 Reponse is disconnected 
Request on 04-01-14 10:55:23 by abhi@daffodil-109 Reponse is  
Request on 04-01-14 10:55:24 by abhi@daffodil-109 Reponse is  
Request on 04-01-14 10:56:03 by yogi@daffodil-109 Reponse is  
Request on 04-01-14 10:56:03 by yogi@daffodil-109 Reponse is  
Request on 04-01-14 10:56:03 by yogi@daffodil-109 Reponse is disconnected 
Request on 04-01-14 10:56:04 by yogi@daffodil-109 Reponse is  
Request on 04-01-14 10:56:05 by yogi@daffodil-109 Reponse is connected 
Request on 04-01-14 10:56:10 by abhi@daffodil-109 Reponse is connected 
Request on 04-01-14 10:56:10 by abhi@daffodil-109 Reponse is  
Request on 04-01-14 10:56:10 by abhi@daffodil-109 Reponse is  
Request on 04-01-14 10:56:10 by abhi@daffodil-109 Reponse is disconnected 
Request on 04-01-14 10:56:10 by abhi@daffodil-109 Reponse is  
Request on 04-01-14 10:56:12 by abhi@daffodil-109 Reponse is connected 
Request on 04-01-14 10:58:06 by yogi@daffodil-109 Reponse is disconnected 
Request on 04-01-14 10:58:06 by yogi@daffodil-109 Reponse is  
Request on 04-01-14 10:58:06 by yogi@daffodil-109 Reponse is  
Request on 04-01-14 10:58:06 by yogi@daffodil-109 Reponse is  
Request on 04-01-14 10:58:07 by yogi@daffodil-109 Reponse is connected 
Request on 04-01-14 10:58:12 by abhi@daffodil-109 Reponse is  
Request on 04-01-14 10:58:12 by abhi@daffodil-109 Reponse is  
Request on 04-01-14 10:58:12 by abhi@daffodil-109 Reponse is disconnected 
Request on 04-01-14 10:58:13 by abhi@daffodil-109 Reponse is  
Request on 04-01-14 10:58:15 by abhi@daffodil-109 Reponse is connected 
Request on 04-01-14 11:00:30 by abhi@daffodil-109 Reponse is  
Request on 04-01-14 11:00:30 by abhi@daffodil-109 Reponse is  
Request on 04-01-14 11:00:31 by abhi@daffodil-109 Reponse is connected 
Request on 04-01-14 11:01:05 by yogi@daffodil-109 Reponse is  
Request on 04-01-14 11:01:09 by yogi@daffodil-109 Reponse is  
Request on 04-01-14 11:01:12 by yogi@daffodil-109 Reponse is connected 
Request on 04-01-14 11:02:03 by yogi@daffodil-109 Reponse is  
Request on 04-01-14 11:02:03 by yogi@daffodil-109 Reponse is  
Request on 04-01-14 11:02:04 by yogi@daffodil-109 Reponse is disconnected 
Request on 04-01-14 11:02:04 by yogi@daffodil-109 Reponse is  
Request on 04-01-14 11:02:06 by yogi@daffodil-109 Reponse is connected 
Request on 04-01-14 11:03:16 by yogi@daffodil-109 Reponse is  
Request on 04-01-14 11:03:16 by yogi@daffodil-109 Reponse is  
Request on 04-01-14 11:03:16 by yogi@daffodil-109 Reponse is disconnected 
Request on 04-01-14 11:03:16 by yogi@daffodil-109 Reponse is  
Request on 04-01-14 11:03:18 by yogi@daffodil-109 Reponse is connected 
Request on 04-01-14 11:04:14 by yogi@daffodil-109 Reponse is  
Request on 04-01-14 11:04:14 by yogi@daffodil-109 Reponse is  
Request on 04-01-14 11:04:14 by yogi@daffodil-109 Reponse is disconnected 
Request on 04-01-14 11:04:15 by yogi@daffodil-109 Reponse is  
Request on 04-01-14 11:04:15 by yogi@daffodil-109 Reponse is connected 
Request on 04-01-14 11:05:59 by yogi@daffodil-109 Reponse is  
Request on 04-01-14 11:05:59 by yogi@daffodil-109 Reponse is disconnected 
Request on 04-01-14 11:05:59 by yogi@daffodil-109 Reponse is  
Request on 04-01-14 11:05:59 by yogi@daffodil-109 Reponse is  
Request on 04-01-14 11:06:01 by yogi@daffodil-109 Reponse is connected 
Request on 04-01-14 14:39:22 by abhi@daffodil-109 Reponse is  
Request on 04-01-14 14:39:23 by abhi@daffodil-109 Reponse is  
Request on 04-01-14 14:39:24 by abhi@daffodil-109 Reponse is connected 
Request on 04-01-14 14:39:44 by dhiru@daffodil-109 Reponse is  
Request on 04-01-14 14:39:44 by dhiru@daffodil-109 Reponse is  
Request on 04-01-14 14:39:48 by dhiru@daffodil-109 Reponse is connected 
Request on 04-01-14 14:40:27 by abhi@daffodil-109 Reponse is  
Request on 04-01-14 14:40:37 by abhi@daffodil-109 Reponse is  
Request on 04-01-14 14:40:37 by abhi@daffodil-109 Reponse is disconnected 
Request on 04-01-14 14:40:37 by abhi@daffodil-109 Reponse is  
Request on 04-01-14 14:40:38 by dhiru@daffodil-109 Reponse is  
Request on 04-01-14 14:40:38 by dhiru@daffodil-109 Reponse is  
Request on 04-01-14 14:40:38 by dhiru@daffodil-109 Reponse is  
Request on 04-01-14 14:40:38 by dhiru@daffodil-109 Reponse is disconnected 
Request on 04-01-14 14:40:40 by abhi@daffodil-109 Reponse is connected 
Request on 04-01-14 14:41:22 by dhiru@daffodil-109 Reponse is connected 
Request on 04-01-14 14:41:26 by abhi@daffodil-109 Reponse is  
Request on 04-01-14 14:41:26 by abhi@daffodil-109 Reponse is  
Request on 04-01-14 14:41:26 by abhi@daffodil-109 Reponse is disconnected 
Request on 04-01-14 14:41:26 by abhi@daffodil-109 Reponse is  
Request on 04-01-14 14:41:27 by abhi@daffodil-109 Reponse is connected 
Request on 04-01-14 14:44:42 by abhi@daffodil-109 Reponse is  
Request on 04-01-14 14:44:42 by abhi@daffodil-109 Reponse is  
Request on 04-01-14 14:44:42 by abhi@daffodil-109 Reponse is connected 
Request on 04-01-14 14:45:09 by yogi@daffodil-109 Reponse is  
Request on 04-01-14 14:45:09 by yogi@daffodil-109 Reponse is  
Request on 04-01-14 14:45:09 by yogi@daffodil-109 Reponse is connected 
Request on 04-01-14 14:50:36 by chanchal@daffodil-109 Reponse is  
Request on 04-01-14 14:50:36 by chanchal@daffodil-109 Reponse is  
Request on 04-01-14 14:50:37 by chanchal@daffodil-109 Reponse is connected 
Request on 04-01-14 14:51:10 by abhi@daffodil-109 Reponse is  
Request on 04-01-14 14:51:11 by abhi@daffodil-109 Reponse is  
Request on 04-01-14 14:51:11 by abhi@daffodil-109 Reponse is connected 
Request on 04-01-14 15:28:22 by tarun@daffodil-109 Reponse is  
Request on 04-01-14 15:28:22 by tarun@daffodil-109 Reponse is  
Request on 04-01-14 15:28:23 by tarun@daffodil-109 Reponse is connected 
Request on 04-01-14 15:28:58 by abhi@daffodil-109 Reponse is  
Request on 04-01-14 15:28:58 by abhi@daffodil-109 Reponse is  
Request on 04-01-14 15:28:58 by abhi@daffodil-109 Reponse is connected 
Request on 04-01-14 15:40:58 by tarun@daffodil-109 Reponse is  
Request on 04-01-14 15:41:01 by tarun@daffodil-109 Reponse is disconnected 
Request on 04-01-14 15:41:01 by tarun@daffodil-109 Reponse is  
Request on 04-01-14 15:41:01 by tarun@daffodil-109 Reponse is  
Request on 04-01-14 15:41:03 by tarun@daffodil-109 Reponse is connected 
Request on 04-01-14 16:08:30 by prem@daffodil-109 Reponse is  
Request on 04-01-14 16:08:30 by prem@daffodil-109 Reponse is  
Request on 04-01-14 16:08:31 by prem@daffodil-109 Reponse is connected 
Request on 04-01-14 16:16:37 by abhi@daffodil-109 Reponse is  
Request on 04-01-14 16:16:37 by abhi@daffodil-109 Reponse is  
Request on 04-01-14 16:16:38 by abhi@daffodil-109 Reponse is connected 
Request on 04-01-14 16:16:58 by yogi@daffodil-109 Reponse is  
Request on 04-01-14 16:16:58 by yogi@daffodil-109 Reponse is  
Request on 04-01-14 16:16:59 by yogi@daffodil-109 Reponse is connected 
Request on 04-01-14 16:21:44 by yogi@daffodil-109 Reponse is  
Request on 04-01-14 16:21:47 by yogi@daffodil-109 Reponse is disconnected 
Request on 04-01-14 16:21:47 by yogi@daffodil-109 Reponse is  
Request on 04-01-14 16:21:47 by yogi@daffodil-109 Reponse is  
Request on 04-01-14 16:21:47 by yogi@daffodil-109 Reponse is connected 
Request on 04-01-14 16:25:47 by jenis@daffodil-109 Reponse is  
Request on 04-01-14 16:25:47 by jenis@daffodil-109 Reponse is  
Request on 04-01-14 16:25:48 by jenis@daffodil-109 Reponse is connected 
Request on 04-01-14 16:26:00 by mat@daffodil-109 Reponse is  
Request on 04-01-14 16:26:00 by mat@daffodil-109 Reponse is  
Request on 04-01-14 16:26:01 by mat@daffodil-109 Reponse is connected 
Request on 04-01-14 16:58:15 by mat@daffodil-109 Reponse is  
Request on 04-01-14 16:58:15 by mat@daffodil-109 Reponse is  
Request on 04-01-14 16:58:15 by mat@daffodil-109 Reponse is connected 
Request on 04-01-14 16:58:42 by ankit@daffodil-109 Reponse is  
Request on 04-01-14 16:58:43 by ankit@daffodil-109 Reponse is  
Request on 04-01-14 16:58:45 by ankit@daffodil-109 Reponse is connected 
Request on 04-01-14 17:00:16 by ankit@daffodil-109 Reponse is  
Request on 04-01-14 17:00:16 by ankit@daffodil-109 Reponse is  
Request on 04-01-14 17:00:16 by ankit@daffodil-109 Reponse is disconnected 
Request on 04-01-14 17:00:16 by ankit@daffodil-109 Reponse is  
Request on 04-01-14 17:00:18 by ankit@daffodil-109 Reponse is connected 
Request on 04-01-14 17:01:29 by ankit@daffodil-109 Reponse is  
Request on 04-01-14 17:01:31 by ankit@daffodil-109 Reponse is connected 
Request on 04-01-14 17:01:33 by ankit@daffodil-109 Reponse is  
Request on 04-01-14 17:01:33 by ankit@daffodil-109 Reponse is disconnected 
Request on 04-01-14 17:01:33 by ankit@daffodil-109 Reponse is  
Request on 04-01-14 17:02:41 by ankit@daffodil-109 Reponse is  
Request on 04-01-14 17:02:41 by ankit@daffodil-109 Reponse is  
Request on 04-01-14 17:02:41 by ankit@daffodil-109 Reponse is  
Request on 04-01-14 17:02:44 by ankit@daffodil-109 Reponse is connected 
Request on 04-01-14 17:02:46 by ankit@daffodil-109 Reponse is disconnected 
Request on 04-01-14 17:04:12 by ankit@daffodil-109 Reponse is disconnected 
Request on 04-01-14 17:04:12 by ankit@daffodil-109 Reponse is  
Request on 04-01-14 17:04:12 by ankit@daffodil-109 Reponse is  
Request on 04-01-14 17:04:14 by ankit@daffodil-109 Reponse is connected 
Request on 04-01-14 17:04:17 by ankit@daffodil-109 Reponse is  
Request on 04-01-14 17:06:13 by ankit@daffodil-109 Reponse is  
Request on 04-01-14 17:06:13 by ankit@daffodil-109 Reponse is disconnected 
Request on 04-01-14 17:06:13 by ankit@daffodil-109 Reponse is  
Request on 04-01-14 17:06:13 by ankit@daffodil-109 Reponse is  
Request on 04-01-14 17:06:15 by ankit@daffodil-109 Reponse is connected 
Request on 04-01-14 17:07:00 by john@daffodil-109 Reponse is  
Request on 04-01-14 17:07:00 by john@daffodil-109 Reponse is  
Request on 04-01-14 17:07:03 by john@daffodil-109 Reponse is connected 
Request on 04-01-14 17:07:34 by rahim@daffodil-109 Reponse is  
Request on 04-01-14 17:07:34 by rahim@daffodil-109 Reponse is  
Request on 04-01-14 17:07:35 by mat@daffodil-109 Reponse is  
Request on 04-01-14 17:07:35 by mat@daffodil-109 Reponse is  
Request on 04-01-14 17:07:36 by mat@daffodil-109 Reponse is connected 
Request on 04-01-14 17:07:36 by rahim@daffodil-109 Reponse is connected 
Request on 04-01-14 17:08:14 by ankit@daffodil-109 Reponse is  
Request on 04-01-14 17:08:14 by ankit@daffodil-109 Reponse is disconnected 
Request on 04-01-14 17:08:14 by ankit@daffodil-109 Reponse is  
Request on 04-01-14 17:08:14 by ankit@daffodil-109 Reponse is  
Request on 04-01-14 17:08:14 by john@daffodil-109 Reponse is  
Request on 04-01-14 17:08:14 by john@daffodil-109 Reponse is disconnected 
Request on 04-01-14 17:08:14 by john@daffodil-109 Reponse is  
Request on 04-01-14 17:08:14 by john@daffodil-109 Reponse is  
Request on 04-01-14 17:08:16 by ankit@daffodil-109 Reponse is connected 
Request on 04-01-14 17:08:16 by john@daffodil-109 Reponse is connected 
Request on 04-01-14 17:09:28 by john@daffodil-109 Reponse is  
Request on 04-01-14 17:09:28 by john@daffodil-109 Reponse is  
Request on 04-01-14 17:09:28 by john@daffodil-109 Reponse is disconnected 
Request on 04-01-14 17:09:29 by john@daffodil-109 Reponse is  
Request on 04-01-14 17:09:31 by john@daffodil-109 Reponse is connected 
Request on 04-01-14 17:10:24 by ankit@daffodil-109 Reponse is  
Request on 04-01-14 17:10:24 by ankit@daffodil-109 Reponse is  
Request on 04-01-14 17:10:24 by ankit@daffodil-109 Reponse is disconnected 
Request on 04-01-14 17:10:24 by ankit@daffodil-109 Reponse is  
Request on 04-01-14 17:10:26 by ankit@daffodil-109 Reponse is connected 
Request on 04-01-14 17:11:09 by ankit@daffodil-109 Reponse is  
Request on 04-01-14 17:11:09 by ankit@daffodil-109 Reponse is  
Request on 04-01-14 17:11:09 by ankit@daffodil-109 Reponse is disconnected 
Request on 04-01-14 17:11:11 by ankit@daffodil-109 Reponse is connected 
Request on 04-01-14 17:11:15 by ankit@daffodil-109 Reponse is  
Request on 04-01-14 17:11:32 by john@daffodil-109 Reponse is  
Request on 04-01-14 17:11:33 by john@daffodil-109 Reponse is connected 
Request on 04-01-14 17:11:34 by john@daffodil-109 Reponse is  
Request on 04-01-14 17:11:34 by john@daffodil-109 Reponse is  
Request on 04-01-14 17:11:34 by john@daffodil-109 Reponse is disconnected 
Request on 04-01-14 17:12:36 by masy@daffodil-109 Reponse is  
Request on 04-01-14 17:12:36 by masy@daffodil-109 Reponse is  
Request on 04-01-14 17:12:38 by masy@daffodil-109 Reponse is connected 
Request on 04-01-14 17:13:11 by ankit@daffodil-109 Reponse is  
Request on 04-01-14 17:13:12 by ankit@daffodil-109 Reponse is  
Request on 04-01-14 17:13:12 by ankit@daffodil-109 Reponse is disconnected 
Request on 04-01-14 17:13:12 by ankit@daffodil-109 Reponse is  
Request on 04-01-14 17:13:14 by ankit@daffodil-109 Reponse is connected 
Request on 04-01-14 17:13:23 by john@daffodil-109 Reponse is  
Request on 04-01-14 17:13:23 by john@daffodil-109 Reponse is disconnected 
Request on 04-01-14 17:13:23 by john@daffodil-109 Reponse is  
Request on 04-01-14 17:13:23 by john@daffodil-109 Reponse is  
Request on 04-01-14 17:13:25 by john@daffodil-109 Reponse is connected 
Request on 04-01-14 17:13:58 by masy@daffodil-109 Reponse is  
Request on 04-01-14 17:13:58 by masy@daffodil-109 Reponse is  
Request on 04-01-14 17:13:58 by masy@daffodil-109 Reponse is disconnected 
Request on 04-01-14 17:13:59 by masy@daffodil-109 Reponse is  
Request on 04-01-14 17:14:05 by masy@daffodil-109 Reponse is connected 
Request on 04-01-14 17:14:09 by mat@daffodil-109 Reponse is  
Request on 04-01-14 17:14:12 by mat@daffodil-109 Reponse is  
Request on 04-01-14 17:14:12 by mat@daffodil-109 Reponse is disconnected 
Request on 04-01-14 17:14:12 by mat@daffodil-109 Reponse is  
Request on 04-01-14 17:14:12 by mat@daffodil-109 Reponse is connected 
Request on 04-01-14 17:14:16 by john@daffodil-109 Reponse is  
Request on 04-01-14 17:14:16 by john@daffodil-109 Reponse is  
Request on 04-01-14 17:14:17 by john@daffodil-109 Reponse is disconnected 
Request on 04-01-14 17:14:17 by john@daffodil-109 Reponse is  
Request on 04-01-14 17:14:19 by john@daffodil-109 Reponse is connected 
Request on 04-01-14 17:15:24 by john@daffodil-109 Reponse is  
Request on 04-01-14 17:15:24 by john@daffodil-109 Reponse is disconnected 
Request on 04-01-14 17:15:25 by john@daffodil-109 Reponse is  
Request on 04-01-14 17:15:25 by john@daffodil-109 Reponse is  
Request on 04-01-14 17:15:28 by john@daffodil-109 Reponse is connected 
Request on 04-01-14 17:16:16 by masy@daffodil-109 Reponse is  
Request on 04-01-14 17:16:16 by masy@daffodil-109 Reponse is disconnected 
Request on 04-01-14 17:16:16 by masy@daffodil-109 Reponse is  
Request on 04-01-14 17:16:17 by masy@daffodil-109 Reponse is  
Request on 04-01-14 17:16:19 by masy@daffodil-109 Reponse is connected 
Request on 04-01-14 17:16:41 by john@daffodil-109 Reponse is  
Request on 04-01-14 17:16:42 by john@daffodil-109 Reponse is disconnected 
Request on 04-01-14 17:16:42 by john@daffodil-109 Reponse is  
Request on 04-01-14 17:16:42 by john@daffodil-109 Reponse is  
Request on 04-01-14 17:16:46 by john@daffodil-109 Reponse is connected 
Request on 04-01-14 17:18:04 by john@daffodil-109 Reponse is  
Request on 04-01-14 17:18:07 by john@daffodil-109 Reponse is  
Request on 04-01-14 17:18:07 by john@daffodil-109 Reponse is  
Request on 04-01-14 17:18:08 by john@daffodil-109 Reponse is disconnected 
Request on 04-01-14 17:18:08 by john@daffodil-109 Reponse is connected 
Request on 04-01-14 17:19:18 by masy@daffodil-109 Reponse is  
Request on 04-01-14 17:19:18 by masy@daffodil-109 Reponse is  
Request on 04-01-14 17:19:18 by masy@daffodil-109 Reponse is disconnected 
Request on 04-01-14 17:19:18 by masy@daffodil-109 Reponse is  
Request on 04-01-14 17:19:21 by masy@daffodil-109 Reponse is connected 
Request on 04-01-14 17:19:22 by john@daffodil-109 Reponse is  
Request on 04-01-14 17:19:22 by john@daffodil-109 Reponse is  
Request on 04-01-14 17:19:22 by john@daffodil-109 Reponse is disconnected 
Request on 04-01-14 17:19:23 by john@daffodil-109 Reponse is  
Request on 04-01-14 17:19:30 by john@daffodil-109 Reponse is connected 
Request on 04-01-14 17:21:07 by masy@daffodil-109 Reponse is  
Request on 04-01-14 17:21:07 by masy@daffodil-109 Reponse is  
Request on 04-01-14 17:21:07 by masy@daffodil-109 Reponse is disconnected 
Request on 04-01-14 17:21:08 by masy@daffodil-109 Reponse is  
Request on 04-01-14 17:21:10 by masy@daffodil-109 Reponse is connected 
Request on 04-01-14 17:21:19 by john@daffodil-109 Reponse is disconnected 
Request on 04-01-14 17:21:20 by john@daffodil-109 Reponse is  
Request on 04-01-14 17:21:20 by john@daffodil-109 Reponse is  
Request on 04-01-14 17:21:20 by john@daffodil-109 Reponse is  
Request on 04-01-14 17:21:21 by john@daffodil-109 Reponse is connected 
Request on 04-01-14 17:22:18 by masy@daffodil-109 Reponse is  
Request on 04-01-14 17:22:18 by masy@daffodil-109 Reponse is  
Request on 04-01-14 17:22:18 by masy@daffodil-109 Reponse is disconnected 
Request on 04-01-14 17:22:19 by masy@daffodil-109 Reponse is  
Request on 04-01-14 17:22:21 by masy@daffodil-109 Reponse is connected 
Request on 04-01-14 17:22:25 by john@daffodil-109 Reponse is  
Request on 04-01-14 17:22:25 by john@daffodil-109 Reponse is  
Request on 04-01-14 17:22:25 by john@daffodil-109 Reponse is disconnected 
Request on 04-01-14 17:22:25 by john@daffodil-109 Reponse is  
Request on 04-01-14 17:22:29 by john@daffodil-109 Reponse is connected 
Request on 04-01-14 17:23:29 by john@daffodil-109 Reponse is disconnected 
Request on 04-01-14 17:23:29 by john@daffodil-109 Reponse is  
Request on 04-01-14 17:23:29 by john@daffodil-109 Reponse is  
Request on 04-01-14 17:23:30 by john@daffodil-109 Reponse is  
Request on 04-01-14 17:23:31 by john@daffodil-109 Reponse is connected 
Request on 04-01-14 17:25:14 by masy@daffodil-109 Reponse is  
Request on 04-01-14 17:25:14 by masy@daffodil-109 Reponse is disconnected 
Request on 04-01-14 17:25:14 by masy@daffodil-109 Reponse is  
Request on 04-01-14 17:25:14 by masy@daffodil-109 Reponse is  
Request on 04-01-14 17:25:16 by masy@daffodil-109 Reponse is connected 
Request on 04-01-14 17:26:19 by masy@daffodil-109 Reponse is  
Request on 04-01-14 17:26:19 by masy@daffodil-109 Reponse is  
Request on 04-01-14 17:26:20 by masy@daffodil-109 Reponse is disconnected 
Request on 04-01-14 17:26:20 by masy@daffodil-109 Reponse is  
Request on 04-01-14 17:26:20 by masy@daffodil-109 Reponse is  
Request on 04-01-14 17:26:22 by masy@daffodil-109 Reponse is connected 
Request on 04-01-14 17:26:22 by john@daffodil-109 Reponse is  
Request on 04-01-14 17:26:22 by john@daffodil-109 Reponse is  
Request on 04-01-14 17:26:22 by john@daffodil-109 Reponse is disconnected 
Request on 04-01-14 17:26:23 by john@daffodil-109 Reponse is  
Request on 04-01-14 17:26:28 by john@daffodil-109 Reponse is connected 
Request on 04-01-14 17:27:37 by john@daffodil-109 Reponse is  
Request on 04-01-14 17:27:37 by john@daffodil-109 Reponse is disconnected 
Request on 04-01-14 17:27:37 by john@daffodil-109 Reponse is  
Request on 04-01-14 17:27:37 by john@daffodil-109 Reponse is  
Request on 04-01-14 17:27:41 by john@daffodil-109 Reponse is connected 
Request on 04-01-14 17:28:44 by john@daffodil-109 Reponse is  
Request on 04-01-14 17:28:48 by john@daffodil-109 Reponse is disconnected 
Request on 04-01-14 17:28:48 by john@daffodil-109 Reponse is connected 
Request on 04-01-14 17:28:48 by john@daffodil-109 Reponse is  
Request on 04-01-14 17:28:48 by john@daffodil-109 Reponse is  
Request on 04-01-14 17:29:26 by masy@daffodil-109 Reponse is  
Request on 04-01-14 17:29:26 by masy@daffodil-109 Reponse is  
Request on 04-01-14 17:29:27 by masy@daffodil-109 Reponse is disconnected 
Request on 04-01-14 17:29:27 by masy@daffodil-109 Reponse is  
Request on 04-01-14 17:29:29 by masy@daffodil-109 Reponse is connected 
Request on 04-01-14 17:30:35 by masy@daffodil-109 Reponse is  
Request on 04-01-14 17:30:35 by masy@daffodil-109 Reponse is  
Request on 04-01-14 17:30:36 by masy@daffodil-109 Reponse is disconnected 
Request on 04-01-14 17:30:36 by masy@daffodil-109 Reponse is  
Request on 04-01-14 17:30:39 by masy@daffodil-109 Reponse is connected 
Request on 04-01-14 17:31:44 by masy@daffodil-109 Reponse is  
Request on 04-01-14 17:31:44 by masy@daffodil-109 Reponse is  
Request on 04-01-14 17:31:44 by masy@daffodil-109 Reponse is disconnected 
Request on 04-01-14 17:31:44 by masy@daffodil-109 Reponse is  
Request on 04-01-14 17:31:46 by masy@daffodil-109 Reponse is connected 
Request on 04-01-14 17:32:04 by john@daffodil-109 Reponse is  
Request on 04-01-14 17:32:04 by john@daffodil-109 Reponse is  
Request on 04-01-14 17:32:04 by john@daffodil-109 Reponse is disconnected 
Request on 04-01-14 17:32:04 by john@daffodil-109 Reponse is  
Request on 04-01-14 17:32:09 by john@daffodil-109 Reponse is connected 
Request on 04-01-14 17:32:52 by masy@daffodil-109 Reponse is  
Request on 04-01-14 17:32:52 by masy@daffodil-109 Reponse is disconnected 
Request on 04-01-14 17:32:52 by masy@daffodil-109 Reponse is  
Request on 04-01-14 17:32:53 by masy@daffodil-109 Reponse is  
Request on 04-01-14 17:32:54 by masy@daffodil-109 Reponse is connected 
Request on 04-01-14 17:33:13 by john@daffodil-109 Reponse is  
Request on 04-01-14 17:33:13 by john@daffodil-109 Reponse is disconnected 
Request on 04-01-14 17:33:13 by john@daffodil-109 Reponse is  
Request on 04-01-14 17:33:14 by john@daffodil-109 Reponse is  
Request on 04-01-14 17:33:17 by john@daffodil-109 Reponse is connected 
Request on 04-01-14 17:34:03 by masy@daffodil-109 Reponse is  
Request on 04-01-14 17:34:03 by masy@daffodil-109 Reponse is  
Request on 04-01-14 17:34:03 by masy@daffodil-109 Reponse is disconnected 
Request on 04-01-14 17:34:03 by masy@daffodil-109 Reponse is  
Request on 04-01-14 17:34:05 by masy@daffodil-109 Reponse is connected 
Request on 04-01-14 17:34:27 by john@daffodil-109 Reponse is  
Request on 04-01-14 17:34:27 by john@daffodil-109 Reponse is  
Request on 04-01-14 17:34:27 by john@daffodil-109 Reponse is disconnected 
Request on 04-01-14 17:34:27 by john@daffodil-109 Reponse is  
Request on 04-01-14 17:34:31 by john@daffodil-109 Reponse is connected 
Request on 04-01-14 17:35:13 by masy@daffodil-109 Reponse is  
Request on 04-01-14 17:35:13 by masy@daffodil-109 Reponse is  
Request on 04-01-14 17:35:13 by masy@daffodil-109 Reponse is disconnected 
Request on 04-01-14 17:35:14 by masy@daffodil-109 Reponse is  
Request on 04-01-14 17:35:16 by masy@daffodil-109 Reponse is connected 
Request on 04-01-14 17:35:36 by john@daffodil-109 Reponse is  
Request on 04-01-14 17:35:36 by john@daffodil-109 Reponse is  
Request on 04-01-14 17:35:36 by john@daffodil-109 Reponse is disconnected 
Request on 04-01-14 17:35:36 by john@daffodil-109 Reponse is  
Request on 04-01-14 17:35:41 by john@daffodil-109 Reponse is connected 
Request on 04-01-14 17:36:23 by masy@daffodil-109 Reponse is  
Request on 04-01-14 17:36:23 by masy@daffodil-109 Reponse is  
Request on 04-01-14 17:36:24 by masy@daffodil-109 Reponse is disconnected 
Request on 04-01-14 17:36:24 by masy@daffodil-109 Reponse is  
Request on 04-01-14 17:36:26 by masy@daffodil-109 Reponse is connected 
Request on 04-01-14 17:36:43 by john@daffodil-109 Reponse is  
Request on 04-01-14 17:36:44 by john@daffodil-109 Reponse is  
Request on 04-01-14 17:36:44 by john@daffodil-109 Reponse is disconnected 
Request on 04-01-14 17:36:48 by john@daffodil-109 Reponse is connected 
Request on 04-01-14 17:36:49 by john@daffodil-109 Reponse is  
Request on 04-01-14 17:37:26 by masy@daffodil-109 Reponse is  
Request on 04-01-14 17:37:26 by masy@daffodil-109 Reponse is  
Request on 04-01-14 17:37:26 by masy@daffodil-109 Reponse is disconnected 
Request on 04-01-14 17:37:26 by masy@daffodil-109 Reponse is  
Request on 04-01-14 17:37:28 by masy@daffodil-109 Reponse is connected 
Request on 04-01-14 17:39:25 by masy@daffodil-109 Reponse is  
Request on 04-01-14 17:39:25 by masy@daffodil-109 Reponse is  
Request on 04-01-14 17:39:25 by masy@daffodil-109 Reponse is disconnected 
Request on 04-01-14 17:39:25 by masy@daffodil-109 Reponse is  
Request on 04-01-14 17:39:27 by masy@daffodil-109 Reponse is connected 
Request on 04-01-14 17:39:45 by john@daffodil-109 Reponse is  
Request on 04-01-14 17:39:45 by john@daffodil-109 Reponse is  
Request on 04-01-14 17:39:45 by john@daffodil-109 Reponse is disconnected 
Request on 04-01-14 17:39:46 by john@daffodil-109 Reponse is  
Request on 04-01-14 17:39:50 by john@daffodil-109 Reponse is connected 
Request on 04-01-14 17:40:02 by abhi@daffodil-109 Reponse is  
Request on 04-01-14 17:40:02 by abhi@daffodil-109 Reponse is  
Request on 04-01-14 17:40:02 by abhi@daffodil-109 Reponse is disconnected 
Request on 04-01-14 17:40:03 by abhi@daffodil-109 Reponse is  
Request on 04-01-14 17:40:03 by abhi@daffodil-109 Reponse is connected 
Request on 04-01-14 17:40:58 by john@daffodil-109 Reponse is  
Request on 04-01-14 17:40:58 by john@daffodil-109 Reponse is  
Request on 04-01-14 17:40:58 by john@daffodil-109 Reponse is disconnected 
Request on 04-01-14 17:40:58 by john@daffodil-109 Reponse is  
Request on 04-01-14 17:41:03 by john@daffodil-109 Reponse is connected 
Request on 04-01-14 17:41:40 by masy@daffodil-109 Reponse is  
Request on 04-01-14 17:41:40 by masy@daffodil-109 Reponse is  
Request on 04-01-14 17:41:42 by masy@daffodil-109 Reponse is disconnected 
Request on 04-01-14 17:41:42 by masy@daffodil-109 Reponse is  
Request on 04-01-14 17:41:45 by masy@daffodil-109 Reponse is connected 
Request on 04-01-14 17:42:13 by john@daffodil-109 Reponse is  
Request on 04-01-14 17:42:13 by john@daffodil-109 Reponse is disconnected 
Request on 04-01-14 17:42:13 by john@daffodil-109 Reponse is  
Request on 04-01-14 17:42:14 by john@daffodil-109 Reponse is  
Request on 04-01-14 17:42:17 by john@daffodil-109 Reponse is connected 
Request on 04-01-14 17:42:49 by masy@daffodil-109 Reponse is disconnected 
Request on 04-01-14 17:42:49 by masy@daffodil-109 Reponse is  
Request on 04-01-14 17:42:49 by masy@daffodil-109 Reponse is  
Request on 04-01-14 17:42:50 by masy@daffodil-109 Reponse is  
Request on 04-01-14 17:42:51 by masy@daffodil-109 Reponse is connected 
Request on 04-01-14 17:43:22 by john@daffodil-109 Reponse is disconnected 
Request on 04-01-14 17:43:22 by john@daffodil-109 Reponse is  
Request on 04-01-14 17:43:23 by john@daffodil-109 Reponse is  
Request on 04-01-14 17:43:23 by john@daffodil-109 Reponse is  
Request on 04-01-14 17:43:28 by john@daffodil-109 Reponse is connected 
Request on 04-01-14 17:44:51 by masy@daffodil-109 Reponse is  
Request on 04-01-14 17:44:51 by masy@daffodil-109 Reponse is  
Request on 04-01-14 17:44:51 by masy@daffodil-109 Reponse is disconnected 
Request on 04-01-14 17:44:51 by masy@daffodil-109 Reponse is  
Request on 04-01-14 17:44:53 by masy@daffodil-109 Reponse is connected 
Request on 04-01-14 17:46:25 by john@daffodil-109 Reponse is  
Request on 04-01-14 17:46:25 by john@daffodil-109 Reponse is  
Request on 04-01-14 17:46:26 by john@daffodil-109 Reponse is disconnected 
Request on 04-01-14 17:46:26 by john@daffodil-109 Reponse is  
Request on 04-01-14 17:46:30 by john@daffodil-109 Reponse is connected 
Request on 04-01-14 17:47:37 by masy@daffodil-109 Reponse is  
Request on 04-01-14 17:47:37 by masy@daffodil-109 Reponse is  
Request on 04-01-14 17:47:37 by masy@daffodil-109 Reponse is disconnected 
Request on 04-01-14 17:47:37 by masy@daffodil-109 Reponse is  
Request on 04-01-14 17:47:38 by john@daffodil-109 Reponse is  
Request on 04-01-14 17:47:38 by john@daffodil-109 Reponse is disconnected 
Request on 04-01-14 17:47:38 by john@daffodil-109 Reponse is  
Request on 04-01-14 17:47:38 by john@daffodil-109 Reponse is  
Request on 04-01-14 17:47:39 by masy@daffodil-109 Reponse is connected 
Request on 04-01-14 17:47:42 by john@daffodil-109 Reponse is connected 
Request on 04-01-14 17:48:41 by masy@daffodil-109 Reponse is  
Request on 04-01-14 17:48:42 by masy@daffodil-109 Reponse is  
Request on 04-01-14 17:48:42 by masy@daffodil-109 Reponse is disconnected 
Request on 04-01-14 17:48:42 by masy@daffodil-109 Reponse is  
Request on 04-01-14 17:48:44 by masy@daffodil-109 Reponse is connected 
Request on 04-01-14 17:48:47 by john@daffodil-109 Reponse is  
Request on 04-01-14 17:48:47 by john@daffodil-109 Reponse is disconnected 
Request on 04-01-14 17:48:47 by john@daffodil-109 Reponse is  
Request on 04-01-14 17:48:47 by john@daffodil-109 Reponse is  
Request on 04-01-14 17:48:51 by john@daffodil-109 Reponse is connected 
Request on 04-01-14 17:49:43 by masy@daffodil-109 Reponse is  
Request on 04-01-14 17:49:43 by masy@daffodil-109 Reponse is  
Request on 04-01-14 17:49:43 by masy@daffodil-109 Reponse is disconnected 
Request on 04-01-14 17:49:44 by masy@daffodil-109 Reponse is  
Request on 04-01-14 17:49:45 by masy@daffodil-109 Reponse is connected 
Request on 04-01-14 17:49:56 by john@daffodil-109 Reponse is  
Request on 04-01-14 17:49:56 by john@daffodil-109 Reponse is disconnected 
Request on 04-01-14 17:49:56 by john@daffodil-109 Reponse is  
Request on 04-01-14 17:49:57 by john@daffodil-109 Reponse is  
Request on 04-01-14 17:50:02 by john@daffodil-109 Reponse is connected 
Request on 04-01-14 18:47:08 by yogi@daffodil-109 Reponse is  
Request on 04-01-14 18:47:08 by yogi@daffodil-109 Reponse is  
Request on 04-01-14 18:47:08 by yogi@daffodil-109 Reponse is connected 
Request on 04-01-14 18:47:19 by abhi@daffodil-109 Reponse is  
Request on 04-01-14 18:47:20 by abhi@daffodil-109 Reponse is  
Request on 04-01-14 18:47:22 by abhi@daffodil-109 Reponse is connected 
Request on 04-01-14 18:47:23 by yogi@daffodil-109 Reponse is  
Request on 04-01-14 18:47:23 by yogi@daffodil-109 Reponse is  
Request on 04-01-14 18:47:24 by yogi@daffodil-109 Reponse is connected 
Request on 04-01-14 18:48:24 by kani@daffodil-109 Reponse is  
Request on 04-01-14 18:48:24 by kani@daffodil-109 Reponse is  
Request on 04-01-14 18:48:24 by kani@daffodil-109 Reponse is connected 
Request on 04-01-14 18:48:43 by kani@daffodil-109 Reponse is  
Request on 04-01-14 18:48:43 by kani@daffodil-109 Reponse is  
Request on 04-01-14 18:48:43 by kani@daffodil-109 Reponse is connected 
Request on 04-01-14 18:49:22 by kani@daffodil-109 Reponse is  
Request on 04-01-14 18:49:22 by abhi@daffodil-109 Reponse is disconnected 
Request on 04-01-14 18:49:22 by kani@daffodil-109 Reponse is  
Request on 04-01-14 18:49:22 by abhi@daffodil-109 Reponse is  
Request on 04-01-14 18:49:22 by abhi@daffodil-109 Reponse is  
Request on 04-01-14 18:49:22 by abhi@daffodil-109 Reponse is  
Request on 04-01-14 18:49:22 by kani@daffodil-109 Reponse is connected 
Request on 04-01-14 18:49:24 by abhi@daffodil-109 Reponse is connected 
Request on 04-01-14 18:50:33 by jenis@daffodil-109 Reponse is  
Request on 04-01-14 18:50:33 by jenis@daffodil-109 Reponse is  
Request on 04-01-14 18:50:34 by jenis@daffodil-109 Reponse is connected 
Request on 04-01-14 18:51:26 by jenis@daffodil-109 Reponse is  
Request on 04-01-14 18:51:26 by jenis@daffodil-109 Reponse is  
Request on 04-01-14 18:51:26 by jenis@daffodil-109 Reponse is disconnected 
Request on 04-01-14 18:51:27 by jenis@daffodil-109 Reponse is  
Request on 04-01-14 18:51:28 by jenis@daffodil-109 Reponse is connected 
Request on 04-01-14 18:52:23 by jenis@daffodil-109 Reponse is  
Request on 04-01-14 18:52:23 by jenis@daffodil-109 Reponse is  
Request on 04-01-14 18:52:23 by jenis@daffodil-109 Reponse is disconnected 
Request on 04-01-14 18:52:23 by jenis@daffodil-109 Reponse is  
Request on 04-01-14 18:52:26 by jenis@daffodil-109 Reponse is connected 
Request on 04-01-14 18:53:21 by jenis@daffodil-109 Reponse is  
Request on 04-01-14 18:53:21 by jenis@daffodil-109 Reponse is  
Request on 04-01-14 18:57:42 by yogi@daffodil-109 Reponse is  
Request on 04-01-14 18:57:45 by yogi@daffodil-109 Reponse is  
Request on 04-01-14 18:57:45 by yogi@daffodil-109 Reponse is disconnected 
Request on 04-01-14 18:57:45 by yogi@daffodil-109 Reponse is  
Request on 04-01-14 18:58:59 by abhi@daffodil-109 Reponse is  
Request on 04-01-14 18:59:00 by abhi@daffodil-109 Reponse is  
Request on 04-01-14 18:59:02 by abhi@daffodil-109 Reponse is connected 
Request on 04-01-14 19:00:52 by abhi@daffodil-109 Reponse is  
Request on 04-01-14 19:00:52 by abhi@daffodil-109 Reponse is  
Request on 04-01-14 19:00:53 by abhi@daffodil-109 Reponse is connected 
Request on 04-01-14 19:02:15 by abhi@daffodil-109 Reponse is  
Request on 04-01-14 19:02:15 by abhi@daffodil-109 Reponse is  
Request on 04-01-14 19:02:16 by abhi@daffodil-109 Reponse is connected 
Request on 04-01-14 19:02:33 by abhi@daffodil-109 Reponse is  
Request on 04-01-14 19:02:37 by abhi@daffodil-109 Reponse is  
Request on 04-01-14 19:02:37 by abhi@daffodil-109 Reponse is disconnected 
Request on 04-01-14 19:02:37 by abhi@daffodil-109 Reponse is  
Request on 04-01-14 19:02:39 by abhi@daffodil-109 Reponse is connected 
Request on 04-01-14 19:05:14 by jenis@daffodil-109 Reponse is  
Request on 04-01-14 19:05:14 by jenis@daffodil-109 Reponse is  
Request on 04-01-14 19:05:15 by jenis@daffodil-109 Reponse is connected 
Request on 04-01-14 19:09:35 by tarun@daffodil-109 Reponse is  
Request on 04-01-14 19:09:35 by tarun@daffodil-109 Reponse is  
Request on 04-01-14 19:09:37 by tarun@daffodil-109 Reponse is connected 
